{"/Users/jackmartin/Projects/OpenSource/camadb/src/index.ts": {"path":"/Users/jackmartin/Projects/OpenSource/camadb/src/index.ts","statementMap":{"0":{"start":{"line":5,"column":0},"end":{"line":5,"column":9}},"1":{"start":{"line":36,"column":2},"end":{"line":5,"column":50}},"2":{"start":{"line":7,"column":0},"end":{"line":7,"column":26}},"3":{"start":{"line":10,"column":0},"end":{"line":10,"column":13}},"4":{"start":{"line":14,"column":4},"end":{"line":14,"column":33}},"5":{"start":{"line":30,"column":8},"end":{"line":32,"column":null}},"6":{"start":{"line":31,"column":4},"end":{"line":31,"column":67}},"7":{"start":{"line":33,"column":0},"end":{"line":33,"column":null}},"8":{"start":{"line":10,"column":13},"end":{"line":10,"column":17}}},"fnMap":{"0":{"name":"(anonymous_13)","decl":{"start":{"line":36,"column":2},"end":{"line":36,"column":12}},"loc":{"start":{"line":36,"column":2},"end":{"line":5,"column":50}}},"1":{"name":"(anonymous_14)","decl":{"start":{"line":10,"column":0},"end":{"line":10,"column":13}},"loc":{"start":{"line":10,"column":0},"end":{"line":33,"column":null}}},"2":{"name":"Cama","decl":{"start":{"line":13,"column":2},"end":{"line":13,"column":14}},"loc":{"start":{"line":13,"column":37},"end":{"line":16,"column":3}}},"3":{"name":"(anonymous_16)","decl":{"start":{"line":30,"column":2},"end":{"line":30,"column":8}},"loc":{"start":{"line":30,"column":75},"end":{"line":32,"column":null}}}},"branchMap":{},"s":{"0":1,"1":2,"2":1,"3":1,"4":1,"5":1,"6":1,"7":1,"8":1},"f":{"0":1,"1":1,"2":1,"3":1},"b":{}}
,"/Users/jackmartin/Projects/OpenSource/camadb/src/types.ts": {"path":"/Users/jackmartin/Projects/OpenSource/camadb/src/types.ts","statementMap":{"0":{"start":{"line":2,"column":14},"end":{"line":19,"column":2}},"1":{"start":{"line":21,"column":9},"end":{"line":21,"column":14}}},"fnMap":{},"branchMap":{},"s":{"0":9,"1":9},"f":{},"b":{}}
,"/Users/jackmartin/Projects/OpenSource/camadb/src/interfaces/logger-level.enum.ts": {"path":"/Users/jackmartin/Projects/OpenSource/camadb/src/interfaces/logger-level.enum.ts","statementMap":{"0":{"start":{"line":2,"column":0},"end":{"line":2,"column":null}},"1":{"start":{"line":3,"column":2},"end":{"line":3,"column":null}},"2":{"start":{"line":4,"column":2},"end":{"line":4,"column":null}},"3":{"start":{"line":5,"column":2},"end":{"line":5,"column":null}}},"fnMap":{"0":{"name":"(anonymous_0)","decl":{"start":{"line":2,"column":0},"end":{"line":2,"column":12}},"loc":{"start":{"line":2,"column":20},"end":{"line":6,"column":1}}}},"branchMap":{"0":{"loc":{"start":{"line":2,"column":12},"end":{"line":2,"column":20}},"type":"binary-expr","locations":[{"start":{"line":2,"column":12},"end":{"line":2,"column":20}},{"start":{"line":2,"column":12},"end":{"line":2,"column":null}}]}},"s":{"0":6,"1":6,"2":6,"3":6},"f":{"0":6},"b":{"0":[6,6]}}
,"/Users/jackmartin/Projects/OpenSource/camadb/src/interfaces/perisistence-adapter.enum.ts": {"path":"/Users/jackmartin/Projects/OpenSource/camadb/src/interfaces/perisistence-adapter.enum.ts","statementMap":{"0":{"start":{"line":1,"column":0},"end":{"line":1,"column":null}},"1":{"start":{"line":2,"column":2},"end":{"line":2,"column":null}},"2":{"start":{"line":3,"column":2},"end":{"line":3,"column":null}},"3":{"start":{"line":4,"column":2},"end":{"line":4,"column":null}},"4":{"start":{"line":5,"column":2},"end":{"line":5,"column":null}}},"fnMap":{"0":{"name":"(anonymous_0)","decl":{"start":{"line":1,"column":0},"end":{"line":1,"column":12}},"loc":{"start":{"line":1,"column":34},"end":{"line":6,"column":1}}}},"branchMap":{"0":{"loc":{"start":{"line":1,"column":12},"end":{"line":1,"column":34}},"type":"binary-expr","locations":[{"start":{"line":1,"column":12},"end":{"line":1,"column":34}},{"start":{"line":1,"column":12},"end":{"line":1,"column":null}}]}},"s":{"0":8,"1":8,"2":8,"3":8,"4":8},"f":{"0":8},"b":{"0":[8,8]}}
,"/Users/jackmartin/Projects/OpenSource/camadb/src/mocks/aggregator.ts": {"path":"/Users/jackmartin/Projects/OpenSource/camadb/src/mocks/aggregator.ts","statementMap":{"0":{"start":{"line":2,"column":0},"end":{"line":2,"column":39}},"1":{"start":{"line":5,"column":0},"end":{"line":5,"column":13}},"2":{"start":{"line":6,"column":2},"end":{"line":8,"column":null}},"3":{"start":{"line":7,"column":4},"end":{"line":7,"column":38}},"4":{"start":{"line":5,"column":13},"end":{"line":10,"column":null}},"5":{"start":{"line":10,"column":0},"end":{"line":10,"column":null}},"6":{"start":{"line":5,"column":13},"end":{"line":5,"column":27}}},"fnMap":{"0":{"name":"(anonymous_1)","decl":{"start":{"line":5,"column":0},"end":{"line":5,"column":13}},"loc":{"start":{"line":5,"column":0},"end":{"line":5,"column":13}}},"1":{"name":"(anonymous_3)","decl":{"start":{"line":6,"column":2},"end":{"line":6,"column":11}},"loc":{"start":{"line":6,"column":32},"end":{"line":8,"column":3}}}},"branchMap":{},"s":{"0":4,"1":4,"2":4,"3":0,"4":4,"5":4,"6":4},"f":{"0":12,"1":0},"b":{}}
,"/Users/jackmartin/Projects/OpenSource/camadb/src/mocks/createMockContainer.ts": {"path":"/Users/jackmartin/Projects/OpenSource/camadb/src/mocks/createMockContainer.ts","statementMap":{"0":{"start":{"line":1,"column":0},"end":{"line":1,"column":38}},"1":{"start":{"line":4,"column":0},"end":{"line":4,"column":33}},"2":{"start":{"line":8,"column":0},"end":{"line":8,"column":46}},"3":{"start":{"line":9,"column":0},"end":{"line":9,"column":38}},"4":{"start":{"line":10,"column":0},"end":{"line":10,"column":46}},"5":{"start":{"line":12,"column":0},"end":{"line":12,"column":63}},"6":{"start":{"line":14,"column":0},"end":{"line":14,"column":51}},"7":{"start":{"line":16,"column":0},"end":{"line":16,"column":43}},"8":{"start":{"line":17,"column":0},"end":{"line":17,"column":45}},"9":{"start":{"line":18,"column":35},"end":{"line":32,"column":1}},"10":{"start":{"line":19,"column":20},"end":{"line":19,"column":35}},"11":{"start":{"line":21,"column":2},"end":{"line":21,"column":null}},"12":{"start":{"line":22,"column":2},"end":{"line":22,"column":74}},"13":{"start":{"line":23,"column":2},"end":{"line":23,"column":84}},"14":{"start":{"line":24,"column":2},"end":{"line":24,"column":76}},"15":{"start":{"line":25,"column":2},"end":{"line":25,"column":94}},"16":{"start":{"line":26,"column":2},"end":{"line":26,"column":79}},"17":{"start":{"line":27,"column":2},"end":{"line":27,"column":31}},"18":{"start":{"line":28,"column":2},"end":{"line":28,"column":30}},"19":{"start":{"line":29,"column":2},"end":{"line":29,"column":110}},"20":{"start":{"line":30,"column":2},"end":{"line":30,"column":null}},"21":{"start":{"line":31,"column":2},"end":{"line":31,"column":19}},"22":{"start":{"line":18,"column":13},"end":{"line":18,"column":35}}},"fnMap":{"0":{"name":"(anonymous_1)","decl":{"start":{"line":18,"column":35},"end":{"line":18,"column":36}},"loc":{"start":{"line":18,"column":120},"end":{"line":32,"column":1}}}},"branchMap":{},"s":{"0":4,"1":4,"2":4,"3":4,"4":4,"5":4,"6":4,"7":4,"8":4,"9":4,"10":12,"11":12,"12":12,"13":12,"14":12,"15":12,"16":12,"17":12,"18":12,"19":12,"20":12,"21":12,"22":4},"f":{"0":12},"b":{}}
,"/Users/jackmartin/Projects/OpenSource/camadb/src/mocks/dummy-data.ts": {"path":"/Users/jackmartin/Projects/OpenSource/camadb/src/mocks/dummy-data.ts","statementMap":{"0":{"start":{"line":2,"column":13},"end":{"line":31,"column":null}}},"fnMap":{},"branchMap":{},"s":{"0":4},"f":{},"b":{}}
,"/Users/jackmartin/Projects/OpenSource/camadb/src/mocks/logger.ts": {"path":"/Users/jackmartin/Projects/OpenSource/camadb/src/mocks/logger.ts","statementMap":{"0":{"start":{"line":3,"column":0},"end":{"line":3,"column":39}},"1":{"start":{"line":6,"column":0},"end":{"line":6,"column":13}},"2":{"start":{"line":7,"column":2},"end":{"line":8,"column":null}},"3":{"start":{"line":10,"column":2},"end":{"line":11,"column":null}},"4":{"start":{"line":13,"column":2},"end":{"line":15,"column":null}},"5":{"start":{"line":14,"column":4},"end":{"line":14,"column":14}},"6":{"start":{"line":6,"column":13},"end":{"line":17,"column":null}},"7":{"start":{"line":17,"column":0},"end":{"line":17,"column":null}},"8":{"start":{"line":6,"column":13},"end":{"line":6,"column":23}}},"fnMap":{"0":{"name":"(anonymous_1)","decl":{"start":{"line":6,"column":0},"end":{"line":6,"column":13}},"loc":{"start":{"line":6,"column":0},"end":{"line":6,"column":13}}},"1":{"name":"(anonymous_3)","decl":{"start":{"line":7,"column":2},"end":{"line":7,"column":10}},"loc":{"start":{"line":7,"column":61},"end":{"line":8,"column":3}}},"2":{"name":"(anonymous_4)","decl":{"start":{"line":10,"column":2},"end":{"line":10,"column":5}},"loc":{"start":{"line":10,"column":32},"end":{"line":11,"column":3}}},"3":{"name":"(anonymous_5)","decl":{"start":{"line":13,"column":2},"end":{"line":13,"column":12}},"loc":{"start":{"line":13,"column":2},"end":{"line":15,"column":3}}}},"branchMap":{},"s":{"0":4,"1":4,"2":4,"3":4,"4":4,"5":8,"6":4,"7":4,"8":4},"f":{"0":14,"1":8,"2":22,"3":8},"b":{}}
,"/Users/jackmartin/Projects/OpenSource/camadb/src/mocks/persistence-adapter.ts": {"path":"/Users/jackmartin/Projects/OpenSource/camadb/src/mocks/persistence-adapter.ts","statementMap":{"0":{"start":{"line":3,"column":0},"end":{"line":3,"column":39}},"1":{"start":{"line":4,"column":0},"end":{"line":4,"column":40}},"2":{"start":{"line":6,"column":0},"end":{"line":6,"column":13}},"3":{"start":{"line":7,"column":2},"end":{"line":9,"column":null}},"4":{"start":{"line":8,"column":4},"end":{"line":8,"column":38}},"5":{"start":{"line":11,"column":8},"end":{"line":13,"column":null}},"6":{"start":{"line":12,"column":4},"end":{"line":12,"column":21}},"7":{"start":{"line":15,"column":2},"end":{"line":17,"column":null}},"8":{"start":{"line":16,"column":4},"end":{"line":16,"column":38}},"9":{"start":{"line":19,"column":2},"end":{"line":21,"column":null}},"10":{"start":{"line":20,"column":4},"end":{"line":20,"column":38}},"11":{"start":{"line":23,"column":2},"end":{"line":25,"column":null}},"12":{"start":{"line":24,"column":4},"end":{"line":24,"column":38}},"13":{"start":{"line":6,"column":13},"end":{"line":27,"column":null}},"14":{"start":{"line":27,"column":0},"end":{"line":27,"column":null}},"15":{"start":{"line":6,"column":13},"end":{"line":6,"column":35}}},"fnMap":{"0":{"name":"(anonymous_14)","decl":{"start":{"line":6,"column":0},"end":{"line":6,"column":13}},"loc":{"start":{"line":6,"column":0},"end":{"line":6,"column":13}}},"1":{"name":"(anonymous_16)","decl":{"start":{"line":7,"column":2},"end":{"line":7,"column":9}},"loc":{"start":{"line":7,"column":2},"end":{"line":9,"column":3}}},"2":{"name":"(anonymous_17)","decl":{"start":{"line":11,"column":2},"end":{"line":11,"column":8}},"loc":{"start":{"line":11,"column":2},"end":{"line":13,"column":null}}},"3":{"name":"(anonymous_20)","decl":{"start":{"line":15,"column":2},"end":{"line":15,"column":16}},"loc":{"start":{"line":15,"column":56},"end":{"line":17,"column":3}}},"4":{"name":"(anonymous_21)","decl":{"start":{"line":19,"column":2},"end":{"line":19,"column":8}},"loc":{"start":{"line":19,"column":23},"end":{"line":21,"column":3}}},"5":{"name":"(anonymous_22)","decl":{"start":{"line":23,"column":2},"end":{"line":23,"column":8}},"loc":{"start":{"line":23,"column":21},"end":{"line":25,"column":3}}}},"branchMap":{},"s":{"0":4,"1":4,"2":4,"3":4,"4":2,"5":4,"6":2,"7":4,"8":0,"9":4,"10":2,"11":4,"12":0,"13":4,"14":4,"15":4},"f":{"0":14,"1":2,"2":2,"3":0,"4":2,"5":0},"b":{}}
,"/Users/jackmartin/Projects/OpenSource/camadb/src/mocks/query.service.ts": {"path":"/Users/jackmartin/Projects/OpenSource/camadb/src/mocks/query.service.ts","statementMap":{"0":{"start":{"line":4,"column":0},"end":{"line":4,"column":39}},"1":{"start":{"line":7,"column":0},"end":{"line":7,"column":13}},"2":{"start":{"line":8,"column":2},"end":{"line":10,"column":null}},"3":{"start":{"line":9,"column":4},"end":{"line":9,"column":40}},"4":{"start":{"line":12,"column":2},"end":{"line":14,"column":null}},"5":{"start":{"line":13,"column":4},"end":{"line":13,"column":38}},"6":{"start":{"line":7,"column":13},"end":{"line":16,"column":null}},"7":{"start":{"line":16,"column":0},"end":{"line":16,"column":null}},"8":{"start":{"line":7,"column":13},"end":{"line":7,"column":29}}},"fnMap":{"0":{"name":"(anonymous_1)","decl":{"start":{"line":7,"column":0},"end":{"line":7,"column":13}},"loc":{"start":{"line":7,"column":0},"end":{"line":7,"column":13}}},"1":{"name":"(anonymous_3)","decl":{"start":{"line":8,"column":2},"end":{"line":8,"column":8}},"loc":{"start":{"line":8,"column":43},"end":{"line":10,"column":3}}},"2":{"name":"(anonymous_4)","decl":{"start":{"line":12,"column":2},"end":{"line":12,"column":8}},"loc":{"start":{"line":12,"column":31},"end":{"line":14,"column":3}}}},"branchMap":{},"s":{"0":4,"1":4,"2":4,"3":2,"4":4,"5":1,"6":4,"7":4,"8":4},"f":{"0":12,"1":2,"2":1},"b":{}}
,"/Users/jackmartin/Projects/OpenSource/camadb/src/mocks/serializer.ts": {"path":"/Users/jackmartin/Projects/OpenSource/camadb/src/mocks/serializer.ts","statementMap":{"0":{"start":{"line":2,"column":0},"end":{"line":2,"column":39}},"1":{"start":{"line":5,"column":0},"end":{"line":5,"column":13}},"2":{"start":{"line":6,"column":2},"end":{"line":8,"column":null}},"3":{"start":{"line":7,"column":4},"end":{"line":7,"column":null}},"4":{"start":{"line":10,"column":2},"end":{"line":12,"column":null}},"5":{"start":{"line":11,"column":4},"end":{"line":11,"column":14}},"6":{"start":{"line":5,"column":13},"end":{"line":14,"column":null}},"7":{"start":{"line":14,"column":0},"end":{"line":14,"column":null}},"8":{"start":{"line":5,"column":13},"end":{"line":5,"column":27}}},"fnMap":{"0":{"name":"(anonymous_1)","decl":{"start":{"line":5,"column":0},"end":{"line":5,"column":13}},"loc":{"start":{"line":5,"column":0},"end":{"line":5,"column":13}}},"1":{"name":"(anonymous_3)","decl":{"start":{"line":6,"column":2},"end":{"line":6,"column":13}},"loc":{"start":{"line":6,"column":29},"end":{"line":8,"column":3}}},"2":{"name":"(anonymous_4)","decl":{"start":{"line":10,"column":2},"end":{"line":10,"column":11}},"loc":{"start":{"line":10,"column":24},"end":{"line":12,"column":3}}}},"branchMap":{},"s":{"0":4,"1":4,"2":4,"3":0,"4":4,"5":0,"6":4,"7":4,"8":4},"f":{"0":4,"1":0,"2":0},"b":{}}
,"/Users/jackmartin/Projects/OpenSource/camadb/src/modules/collection/index.ts": {"path":"/Users/jackmartin/Projects/OpenSource/camadb/src/modules/collection/index.ts","statementMap":{"0":{"start":{"line":3,"column":0},"end":{"line":3,"column":50}},"1":{"start":{"line":4,"column":0},"end":{"line":4,"column":36}},"2":{"start":{"line":9,"column":0},"end":{"line":9,"column":62}},"3":{"start":{"line":14,"column":0},"end":{"line":14,"column":64}},"4":{"start":{"line":18,"column":0},"end":{"line":18,"column":13}},"5":{"start":{"line":26,"column":10},"end":{"line":26,"column":28}},"6":{"start":{"line":35,"column":4},"end":{"line":35,"column":null}},"7":{"start":{"line":36,"column":4},"end":{"line":36,"column":60}},"8":{"start":{"line":37,"column":4},"end":{"line":37,"column":96}},"9":{"start":{"line":38,"column":4},"end":{"line":38,"column":83}},"10":{"start":{"line":39,"column":4},"end":{"line":39,"column":71}},"11":{"start":{"line":41,"column":4},"end":{"line":41,"column":72}},"12":{"start":{"line":42,"column":4},"end":{"line":42,"column":63}},"13":{"start":{"line":43,"column":4},"end":{"line":43,"column":31}},"14":{"start":{"line":44,"column":4},"end":{"line":44,"column":35}},"15":{"start":{"line":45,"column":4},"end":{"line":45,"column":72}},"16":{"start":{"line":54,"column":8},"end":{"line":62,"column":null}},"17":{"start":{"line":55,"column":4},"end":{"line":55,"column":26}},"18":{"start":{"line":56,"column":4},"end":{"line":56,"column":54}},"19":{"start":{"line":57,"column":12},"end":{"line":57,"column":47}},"20":{"start":{"line":59,"column":6},"end":{"line":59,"column":49}},"21":{"start":{"line":60,"column":6},"end":{"line":60,"column":68}},"22":{"start":{"line":71,"column":8},"end":{"line":77,"column":null}},"23":{"start":{"line":72,"column":4},"end":{"line":72,"column":26}},"24":{"start":{"line":73,"column":4},"end":{"line":73,"column":53}},"25":{"start":{"line":74,"column":10},"end":{"line":74,"column":45}},"26":{"start":{"line":75,"column":4},"end":{"line":75,"column":33}},"27":{"start":{"line":76,"column":4},"end":{"line":76,"column":64}},"28":{"start":{"line":88,"column":8},"end":{"line":95,"column":null}},"29":{"start":{"line":89,"column":4},"end":{"line":89,"column":26}},"30":{"start":{"line":90,"column":4},"end":{"line":90,"column":52}},"31":{"start":{"line":91,"column":10},"end":{"line":91,"column":45}},"32":{"start":{"line":92,"column":19},"end":{"line":92,"column":null}},"33":{"start":{"line":92,"column":10},"end":{"line":92,"column":null}},"34":{"start":{"line":93,"column":4},"end":{"line":93,"column":66}},"35":{"start":{"line":94,"column":4},"end":{"line":94,"column":18}},"36":{"start":{"line":102,"column":8},"end":{"line":109,"column":null}},"37":{"start":{"line":103,"column":4},"end":{"line":103,"column":26}},"38":{"start":{"line":104,"column":4},"end":{"line":104,"column":53}},"39":{"start":{"line":105,"column":10},"end":{"line":105,"column":45}},"40":{"start":{"line":106,"column":4},"end":{"line":106,"column":49}},"41":{"start":{"line":107,"column":4},"end":{"line":107,"column":67}},"42":{"start":{"line":115,"column":8},"end":{"line":118,"column":null}},"43":{"start":{"line":116,"column":4},"end":{"line":116,"column":44}},"44":{"start":{"line":117,"column":4},"end":{"line":117,"column":26}},"45":{"start":{"line":120,"column":10},"end":{"line":124,"column":null}},"46":{"start":{"line":121,"column":4},"end":{"line":123,"column":null}},"47":{"start":{"line":122,"column":6},"end":{"line":122,"column":null}},"48":{"start":{"line":130,"column":8},"end":{"line":132,"column":null}},"49":{"start":{"line":131,"column":4},"end":{"line":131,"column":47}},"50":{"start":{"line":18,"column":13},"end":{"line":134,"column":null}},"51":{"start":{"line":134,"column":0},"end":{"line":134,"column":null}},"52":{"start":{"line":18,"column":13},"end":{"line":18,"column":23}}},"fnMap":{"0":{"name":"(anonymous_15)","decl":{"start":{"line":18,"column":0},"end":{"line":18,"column":13}},"loc":{"start":{"line":18,"column":0},"end":{"line":18,"column":13}}},"1":{"name":"Collection","decl":{"start":{"line":30,"column":2},"end":{"line":30,"column":null}},"loc":{"start":{"line":33,"column":27},"end":{"line":47,"column":3}}},"2":{"name":"(anonymous_17)","decl":{"start":{"line":54,"column":2},"end":{"line":54,"column":8}},"loc":{"start":{"line":54,"column":34},"end":{"line":62,"column":null}}},"3":{"name":"(anonymous_20)","decl":{"start":{"line":71,"column":2},"end":{"line":71,"column":8}},"loc":{"start":{"line":71,"column":26},"end":{"line":77,"column":null}}},"4":{"name":"(anonymous_23)","decl":{"start":{"line":88,"column":2},"end":{"line":88,"column":8}},"loc":{"start":{"line":88,"column":55},"end":{"line":95,"column":null}}},"5":{"name":"(anonymous_26)","decl":{"start":{"line":102,"column":2},"end":{"line":102,"column":8}},"loc":{"start":{"line":102,"column":44},"end":{"line":109,"column":null}}},"6":{"name":"(anonymous_29)","decl":{"start":{"line":115,"column":2},"end":{"line":115,"column":8}},"loc":{"start":{"line":115,"column":2},"end":{"line":118,"column":null}}},"7":{"name":"(anonymous_32)","decl":{"start":{"line":120,"column":2},"end":{"line":120,"column":10}},"loc":{"start":{"line":120,"column":2},"end":{"line":124,"column":3}}},"8":{"name":"(anonymous_33)","decl":{"start":{"line":130,"column":2},"end":{"line":130,"column":8}},"loc":{"start":{"line":130,"column":37},"end":{"line":132,"column":null}}}},"branchMap":{"0":{"loc":{"start":{"line":116,"column":4},"end":{"line":116,"column":44}},"type":"switch","locations":[{"start":{"line":116,"column":4},"end":{"line":116,"column":44}}]},"1":{"loc":{"start":{"line":121,"column":4},"end":{"line":123,"column":null}},"type":"if","locations":[{"start":{"line":121,"column":4},"end":{"line":123,"column":null}},{"start":{"line":121,"column":4},"end":{"line":123,"column":null}}]}},"s":{"0":2,"1":2,"2":2,"3":2,"4":2,"5":9,"6":9,"7":9,"8":9,"9":9,"10":9,"11":9,"12":9,"13":9,"14":9,"15":9,"16":2,"17":3,"18":2,"19":2,"20":4,"21":2,"22":2,"23":2,"24":1,"25":1,"26":2,"27":1,"28":2,"29":3,"30":2,"31":2,"32":2,"33":2,"34":2,"35":2,"36":2,"37":2,"38":1,"39":1,"40":2,"41":1,"42":2,"43":4,"44":2,"45":2,"46":10,"47":4,"48":2,"49":0,"50":2,"51":2,"52":2},"f":{"0":2,"1":9,"2":3,"3":2,"4":3,"5":2,"6":2,"7":10,"8":0},"b":{"0":[2],"1":[4,6]}}
,"/Users/jackmartin/Projects/OpenSource/camadb/src/modules/collection/mingo-aggregator.ts": {"path":"/Users/jackmartin/Projects/OpenSource/camadb/src/modules/collection/mingo-aggregator.ts","statementMap":{"0":{"start":{"line":1,"column":0},"end":{"line":1,"column":47}},"1":{"start":{"line":2,"column":0},"end":{"line":2,"column":46}},"2":{"start":{"line":4,"column":0},"end":{"line":4,"column":36}},"3":{"start":{"line":7,"column":0},"end":{"line":7,"column":56}},"4":{"start":{"line":8,"column":0},"end":{"line":8,"column":62}},"5":{"start":{"line":9,"column":0},"end":{"line":9,"column":66}},"6":{"start":{"line":10,"column":0},"end":{"line":10,"column":56}},"7":{"start":{"line":11,"column":0},"end":{"line":11,"column":66}},"8":{"start":{"line":12,"column":0},"end":{"line":12,"column":68}},"9":{"start":{"line":15,"column":0},"end":{"line":15,"column":55}},"10":{"start":{"line":17,"column":0},"end":{"line":17,"column":59}},"11":{"start":{"line":19,"column":0},"end":{"line":19,"column":49}},"12":{"start":{"line":21,"column":0},"end":{"line":21,"column":59}},"13":{"start":{"line":22,"column":0},"end":{"line":22,"column":61}},"14":{"start":{"line":25,"column":0},"end":{"line":25,"column":13}},"15":{"start":{"line":26,"column":56},"end":{"line":26,"column":95}},"16":{"start":{"line":28,"column":8},"end":{"line":32,"column":null}},"17":{"start":{"line":29,"column":17},"end":{"line":29,"column":null}},"18":{"start":{"line":29,"column":10},"end":{"line":29,"column":null}},"19":{"start":{"line":30,"column":10},"end":{"line":30,"column":41}},"20":{"start":{"line":31,"column":4},"end":{"line":31,"column":25}},"21":{"start":{"line":25,"column":13},"end":{"line":34,"column":null}},"22":{"start":{"line":34,"column":0},"end":{"line":34,"column":null}},"23":{"start":{"line":25,"column":13},"end":{"line":25,"column":28}}},"fnMap":{"0":{"name":"(anonymous_23)","decl":{"start":{"line":25,"column":0},"end":{"line":25,"column":13}},"loc":{"start":{"line":25,"column":0},"end":{"line":25,"column":13}}},"1":{"name":"MingoAggregator","decl":{"start":{"line":26,"column":2},"end":{"line":26,"column":15}},"loc":{"start":{"line":26,"column":95},"end":{"line":27,"column":3}}},"2":{"name":"(anonymous_25)","decl":{"start":{"line":28,"column":2},"end":{"line":28,"column":8}},"loc":{"start":{"line":28,"column":38},"end":{"line":32,"column":null}}}},"branchMap":{"0":{"loc":{"start":{"line":29,"column":17},"end":{"line":29,"column":null}},"type":"switch","locations":[{"start":{"line":29,"column":17},"end":{"line":29,"column":null}}]}},"s":{"0":3,"1":3,"2":3,"3":3,"4":3,"5":3,"6":3,"7":3,"8":3,"9":3,"10":3,"11":3,"12":3,"13":3,"14":3,"15":3,"16":3,"17":2,"18":2,"19":2,"20":2,"21":3,"22":3,"23":3},"f":{"0":3,"1":3,"2":2},"b":{"0":[2]}}
,"/Users/jackmartin/Projects/OpenSource/camadb/src/modules/logger/loglevel.ts": {"path":"/Users/jackmartin/Projects/OpenSource/camadb/src/modules/logger/loglevel.ts","statementMap":{"0":{"start":{"line":1,"column":0},"end":{"line":1,"column":47}},"1":{"start":{"line":4,"column":0},"end":{"line":4,"column":36}},"2":{"start":{"line":9,"column":0},"end":{"line":9,"column":13}},"3":{"start":{"line":15,"column":38},"end":{"line":15,"column":57}},"4":{"start":{"line":12,"column":10},"end":{"line":12,"column":31}},"5":{"start":{"line":17,"column":4},"end":{"line":21,"column":null}},"6":{"start":{"line":19,"column":6},"end":{"line":19,"column":40}},"7":{"start":{"line":20,"column":6},"end":{"line":20,"column":51}},"8":{"start":{"line":23,"column":2},"end":{"line":30,"column":null}},"9":{"start":{"line":24,"column":4},"end":{"line":29,"column":null}},"10":{"start":{"line":25,"column":6},"end":{"line":28,"column":null}},"11":{"start":{"line":31,"column":2},"end":{"line":36,"column":null}},"12":{"start":{"line":35,"column":4},"end":{"line":35,"column":14}},"13":{"start":{"line":38,"column":2},"end":{"line":45,"column":null}},"14":{"start":{"line":38,"column":44},"end":{"line":38,"column":null}},"15":{"start":{"line":9,"column":13},"end":{"line":47,"column":null}},"16":{"start":{"line":47,"column":0},"end":{"line":47,"column":null}},"17":{"start":{"line":9,"column":13},"end":{"line":9,"column":27}}},"fnMap":{"0":{"name":"(anonymous_4)","decl":{"start":{"line":9,"column":0},"end":{"line":9,"column":13}},"loc":{"start":{"line":9,"column":0},"end":{"line":9,"column":13}}},"1":{"name":"LoglevelLogger","decl":{"start":{"line":14,"column":2},"end":{"line":14,"column":null}},"loc":{"start":{"line":15,"column":57},"end":{"line":22,"column":3}}},"2":{"name":"(anonymous_6)","decl":{"start":{"line":23,"column":2},"end":{"line":23,"column":5}},"loc":{"start":{"line":23,"column":34},"end":{"line":30,"column":3}}},"3":{"name":"(anonymous_7)","decl":{"start":{"line":31,"column":2},"end":{"line":31,"column":12}},"loc":{"start":{"line":31,"column":2},"end":{"line":36,"column":3}}},"4":{"name":"(anonymous_8)","decl":{"start":{"line":38,"column":2},"end":{"line":38,"column":10}},"loc":{"start":{"line":38,"column":55},"end":{"line":45,"column":3}}}},"branchMap":{"0":{"loc":{"start":{"line":17,"column":4},"end":{"line":21,"column":null}},"type":"if","locations":[{"start":{"line":17,"column":4},"end":{"line":21,"column":null}},{"start":{"line":17,"column":4},"end":{"line":21,"column":null}}]},"1":{"loc":{"start":{"line":24,"column":4},"end":{"line":29,"column":null}},"type":"if","locations":[{"start":{"line":24,"column":4},"end":{"line":29,"column":null}},{"start":{"line":24,"column":4},"end":{"line":29,"column":null}}]},"2":{"loc":{"start":{"line":38,"column":44},"end":{"line":38,"column":null}},"type":"if","locations":[{"start":{"line":38,"column":44},"end":{"line":38,"column":null}},{"start":{"line":38,"column":44},"end":{"line":38,"column":null}}]}},"s":{"0":3,"1":3,"2":3,"3":6,"4":6,"5":6,"6":4,"7":4,"8":3,"9":3,"10":1,"11":3,"12":1,"13":3,"14":1,"15":3,"16":3,"17":3},"f":{"0":3,"1":6,"2":3,"3":1,"4":1},"b":{"0":[4,2],"1":[1,2],"2":[0,1]}}
,"/Users/jackmartin/Projects/OpenSource/camadb/src/modules/persistence/index.ts": {"path":"/Users/jackmartin/Projects/OpenSource/camadb/src/modules/persistence/index.ts","statementMap":{"0":{"start":{"line":3,"column":45},"end":{"line":16,"column":1}},"1":{"start":{"line":4,"column":2},"end":{"line":15,"column":null}},"2":{"start":{"line":6,"column":6},"end":{"line":6,"column":37}},"3":{"start":{"line":8,"column":6},"end":{"line":8,"column":44}},"4":{"start":{"line":10,"column":6},"end":{"line":10,"column":47}},"5":{"start":{"line":12,"column":6},"end":{"line":12,"column":43}},"6":{"start":{"line":14,"column":6},"end":{"line":14,"column":58}},"7":{"start":{"line":3,"column":13},"end":{"line":3,"column":45}}},"fnMap":{"0":{"name":"(anonymous_0)","decl":{"start":{"line":3,"column":45},"end":{"line":3,"column":46}},"loc":{"start":{"line":3,"column":77},"end":{"line":16,"column":1}}}},"branchMap":{"0":{"loc":{"start":{"line":5,"column":4},"end":{"line":6,"column":37}},"type":"switch","locations":[{"start":{"line":5,"column":4},"end":{"line":6,"column":37}},{"start":{"line":7,"column":4},"end":{"line":8,"column":44}},{"start":{"line":9,"column":4},"end":{"line":10,"column":47}},{"start":{"line":11,"column":4},"end":{"line":12,"column":43}},{"start":{"line":13,"column":4},"end":{"line":14,"column":58}}]}},"s":{"0":3,"1":6,"2":1,"3":1,"4":1,"5":2,"6":1,"7":3},"f":{"0":6},"b":{"0":[1,1,1,2,1]}}
,"/Users/jackmartin/Projects/OpenSource/camadb/src/modules/persistence/fs/collection-meta.ts": {"path":"/Users/jackmartin/Projects/OpenSource/camadb/src/modules/persistence/fs/collection-meta.ts","statementMap":{"0":{"start":{"line":1,"column":0},"end":{"line":1,"column":47}},"1":{"start":{"line":2,"column":0},"end":{"line":2,"column":29}},"2":{"start":{"line":3,"column":0},"end":{"line":3,"column":39}},"3":{"start":{"line":10,"column":0},"end":{"line":10,"column":65}},"4":{"start":{"line":15,"column":0},"end":{"line":15,"column":13}},"5":{"start":{"line":20,"column":2},"end":{"line":20,"column":15}},"6":{"start":{"line":20,"column":40},"end":{"line":20,"column":47}},"7":{"start":{"line":21,"column":48},"end":{"line":21,"column":67}},"8":{"start":{"line":22,"column":54},"end":{"line":22,"column":89}},"9":{"start":{"line":23,"column":52},"end":{"line":23,"column":74}},"10":{"start":{"line":24,"column":44},"end":{"line":24,"column":58}},"11":{"start":{"line":25,"column":44},"end":{"line":25,"column":59}},"12":{"start":{"line":26,"column":50},"end":{"line":26,"column":70}},"13":{"start":{"line":27,"column":53},"end":{"line":56,"column":18}},"14":{"start":{"line":28,"column":18},"end":{"line":28,"column":63}},"15":{"start":{"line":29,"column":18},"end":{"line":29,"column":87}},"16":{"start":{"line":30,"column":18},"end":{"line":30,"column":46}},"17":{"start":{"line":31,"column":18},"end":{"line":31,"column":55}},"18":{"start":{"line":32,"column":18},"end":{"line":32,"column":98}},"19":{"start":{"line":33,"column":24},"end":{"line":33,"column":60}},"20":{"start":{"line":33,"column":22},"end":{"line":33,"column":23}},"21":{"start":{"line":34,"column":20},"end":{"line":34,"column":96}},"22":{"start":{"line":36,"column":20},"end":{"line":36,"column":66}},"23":{"start":{"line":38,"column":18},"end":{"line":38,"column":110}},"24":{"start":{"line":40,"column":22},"end":{"line":40,"column":83}},"25":{"start":{"line":40,"column":18},"end":{"line":43,"column":null}},"26":{"start":{"line":41,"column":20},"end":{"line":41,"column":69}},"27":{"start":{"line":42,"column":20},"end":{"line":42,"column":27}},"28":{"start":{"line":44,"column":18},"end":{"line":44,"column":93}},"29":{"start":{"line":46,"column":18},"end":{"line":46,"column":51}},"30":{"start":{"line":47,"column":18},"end":{"line":50,"column":20}},"31":{"start":{"line":51,"column":18},"end":{"line":51,"column":82}},"32":{"start":{"line":52,"column":18},"end":{"line":52,"column":82}},"33":{"start":{"line":53,"column":18},"end":{"line":53,"column":75}},"34":{"start":{"line":54,"column":18},"end":{"line":54,"column":70}},"35":{"start":{"line":55,"column":25},"end":{"line":55,"column":104}},"36":{"start":{"line":55,"column":18},"end":{"line":55,"column":104}},"37":{"start":{"line":57,"column":4},"end":{"line":57,"column":49}},"38":{"start":{"line":65,"column":8},"end":{"line":77,"column":null}},"39":{"start":{"line":66,"column":10},"end":{"line":75,"column":6}},"40":{"start":{"line":68,"column":6},"end":{"line":68,"column":59}},"41":{"start":{"line":70,"column":21},"end":{"line":70,"column":92}},"42":{"start":{"line":71,"column":6},"end":{"line":71,"column":32}},"43":{"start":{"line":72,"column":6},"end":{"line":72,"column":62}},"44":{"start":{"line":73,"column":6},"end":{"line":73,"column":58}},"45":{"start":{"line":74,"column":6},"end":{"line":74,"column":79}},"46":{"start":{"line":76,"column":4},"end":{"line":76,"column":51}},"47":{"start":{"line":82,"column":8},"end":{"line":89,"column":null}},"48":{"start":{"line":83,"column":10},"end":{"line":86,"column":6}},"49":{"start":{"line":84,"column":6},"end":{"line":84,"column":64}},"50":{"start":{"line":85,"column":6},"end":{"line":85,"column":23}},"51":{"start":{"line":87,"column":11},"end":{"line":87,"column":55}},"52":{"start":{"line":87,"column":4},"end":{"line":87,"column":55}},"53":{"start":{"line":15,"column":13},"end":{"line":90,"column":null}},"54":{"start":{"line":90,"column":0},"end":{"line":90,"column":null}},"55":{"start":{"line":15,"column":13},"end":{"line":15,"column":27}}},"fnMap":{"0":{"name":"(anonymous_25)","decl":{"start":{"line":15,"column":0},"end":{"line":15,"column":13}},"loc":{"start":{"line":15,"column":0},"end":{"line":15,"column":13}}},"1":{"name":"CollectionMeta","decl":{"start":{"line":20,"column":2},"end":{"line":20,"column":15}},"loc":{"start":{"line":26,"column":70},"end":{"line":58,"column":3}}},"2":{"name":"(anonymous_27)","decl":{"start":{"line":27,"column":53},"end":{"line":27,"column":null}},"loc":{"start":{"line":27,"column":53},"end":{"line":56,"column":18}}},"3":{"name":"(anonymous_30)","decl":{"start":{"line":65,"column":2},"end":{"line":65,"column":8}},"loc":{"start":{"line":65,"column":68},"end":{"line":77,"column":null}}},"4":{"name":"(anonymous_33)","decl":{"start":{"line":66,"column":37},"end":{"line":66,"column":null}},"loc":{"start":{"line":66,"column":37},"end":{"line":75,"column":5}}},"5":{"name":"(anonymous_34)","decl":{"start":{"line":82,"column":2},"end":{"line":82,"column":8}},"loc":{"start":{"line":82,"column":2},"end":{"line":89,"column":null}}},"6":{"name":"(anonymous_37)","decl":{"start":{"line":83,"column":34},"end":{"line":83,"column":null}},"loc":{"start":{"line":83,"column":34},"end":{"line":86,"column":5}}}},"branchMap":{"0":{"loc":{"start":{"line":55,"column":18},"end":{"line":55,"column":104}},"type":"switch","locations":[{"start":{"line":55,"column":18},"end":{"line":55,"column":104}}]},"1":{"loc":{"start":{"line":33,"column":22},"end":{"line":33,"column":23}},"type":"if","locations":[{"start":{"line":33,"column":22},"end":{"line":33,"column":23}},{"start":{"line":33,"column":22},"end":{"line":33,"column":23}}]},"2":{"loc":{"start":{"line":40,"column":18},"end":{"line":43,"column":null}},"type":"if","locations":[{"start":{"line":40,"column":18},"end":{"line":43,"column":null}},{"start":{"line":40,"column":18},"end":{"line":43,"column":null}}]},"3":{"loc":{"start":{"line":70,"column":21},"end":{"line":70,"column":37}},"type":"binary-expr","locations":[{"start":{"line":70,"column":21},"end":{"line":70,"column":37}},{"start":{"line":70,"column":41},"end":{"line":70,"column":92}}]},"4":{"loc":{"start":{"line":87,"column":4},"end":{"line":87,"column":55}},"type":"switch","locations":[{"start":{"line":87,"column":4},"end":{"line":87,"column":55}}]}},"s":{"0":1,"1":1,"2":1,"3":1,"4":1,"5":0,"6":0,"7":0,"8":0,"9":0,"10":0,"11":0,"12":0,"13":0,"14":0,"15":0,"16":0,"17":0,"18":0,"19":0,"20":0,"21":0,"22":0,"23":0,"24":0,"25":0,"26":0,"27":0,"28":0,"29":0,"30":0,"31":0,"32":0,"33":0,"34":0,"35":0,"36":0,"37":0,"38":1,"39":0,"40":0,"41":0,"42":0,"43":0,"44":0,"45":0,"46":0,"47":1,"48":0,"49":0,"50":0,"51":0,"52":0,"53":1,"54":1,"55":1},"f":{"0":1,"1":0,"2":0,"3":0,"4":0,"5":0,"6":0},"b":{"0":[0],"1":[0,0],"2":[0,0],"3":[0,0],"4":[0]}}
,"/Users/jackmartin/Projects/OpenSource/camadb/src/modules/persistence/fs/fs-persistence.ts": {"path":"/Users/jackmartin/Projects/OpenSource/camadb/src/modules/persistence/fs/fs-persistence.ts","statementMap":{"0":{"start":{"line":2,"column":0},"end":{"line":2,"column":47}},"1":{"start":{"line":3,"column":0},"end":{"line":3,"column":39}},"2":{"start":{"line":7,"column":0},"end":{"line":7,"column":29}},"3":{"start":{"line":9,"column":0},"end":{"line":9,"column":65}},"4":{"start":{"line":15,"column":0},"end":{"line":15,"column":21}},"5":{"start":{"line":21,"column":38},"end":{"line":21,"column":57}},"6":{"start":{"line":22,"column":42},"end":{"line":22,"column":73}},"7":{"start":{"line":23,"column":30},"end":{"line":23,"column":37}},"8":{"start":{"line":24,"column":34},"end":{"line":24,"column":48}},"9":{"start":{"line":25,"column":42},"end":{"line":25,"column":64}},"10":{"start":{"line":26,"column":34},"end":{"line":26,"column":49}},"11":{"start":{"line":27,"column":40},"end":{"line":27,"column":60}},"12":{"start":{"line":18,"column":10},"end":{"line":18,"column":28}},"13":{"start":{"line":29,"column":4},"end":{"line":29,"column":45}},"14":{"start":{"line":40,"column":8},"end":{"line":46,"column":null}},"15":{"start":{"line":41,"column":22},"end":{"line":41,"column":43}},"16":{"start":{"line":41,"column":10},"end":{"line":41,"column":null}},"17":{"start":{"line":42,"column":4},"end":{"line":42,"column":72}},"18":{"start":{"line":43,"column":4},"end":{"line":43,"column":63}},"19":{"start":{"line":44,"column":4},"end":{"line":44,"column":22}},"20":{"start":{"line":51,"column":8},"end":{"line":84,"column":null}},"21":{"start":{"line":52,"column":17},"end":{"line":52,"column":null}},"22":{"start":{"line":52,"column":10},"end":{"line":52,"column":null}},"23":{"start":{"line":53,"column":10},"end":{"line":53,"column":31}},"24":{"start":{"line":55,"column":4},"end":{"line":63,"column":null}},"25":{"start":{"line":57,"column":6},"end":{"line":61,"column":null}},"26":{"start":{"line":57,"column":16},"end":{"line":57,"column":23}},"27":{"start":{"line":58,"column":8},"end":{"line":60,"column":null}},"28":{"start":{"line":59,"column":10},"end":{"line":59,"column":38}},"29":{"start":{"line":64,"column":4},"end":{"line":64,"column":51}},"30":{"start":{"line":65,"column":4},"end":{"line":68,"column":null}},"31":{"start":{"line":66,"column":6},"end":{"line":66,"column":64}},"32":{"start":{"line":67,"column":6},"end":{"line":67,"column":24}},"33":{"start":{"line":69,"column":4},"end":{"line":69,"column":61}},"34":{"start":{"line":71,"column":10},"end":{"line":71,"column":91}},"35":{"start":{"line":73,"column":21},"end":{"line":73,"column":null}},"36":{"start":{"line":73,"column":10},"end":{"line":73,"column":null}},"37":{"start":{"line":75,"column":4},"end":{"line":81,"column":7}},"38":{"start":{"line":76,"column":6},"end":{"line":78,"column":null}},"39":{"start":{"line":76,"column":30},"end":{"line":76,"column":41}},"40":{"start":{"line":76,"column":26},"end":{"line":76,"column":30}},"41":{"start":{"line":77,"column":8},"end":{"line":77,"column":52}},"42":{"start":{"line":80,"column":6},"end":{"line":80,"column":17}},"43":{"start":{"line":83,"column":4},"end":{"line":83,"column":22}},"44":{"start":{"line":85,"column":8},"end":{"line":90,"column":null}},"45":{"start":{"line":86,"column":6},"end":{"line":86,"column":54}},"46":{"start":{"line":87,"column":6},"end":{"line":87,"column":77}},"47":{"start":{"line":88,"column":6},"end":{"line":88,"column":27}},"48":{"start":{"line":95,"column":8},"end":{"line":98,"column":null}},"49":{"start":{"line":96,"column":4},"end":{"line":96,"column":62}},"50":{"start":{"line":97,"column":4},"end":{"line":97,"column":22}},"51":{"start":{"line":15,"column":21},"end":{"line":100,"column":null}},"52":{"start":{"line":100,"column":0},"end":{"line":100,"column":null}},"53":{"start":{"line":15,"column":21},"end":{"line":15,"column":null}}},"fnMap":{"0":{"name":"(anonymous_24)","decl":{"start":{"line":15,"column":0},"end":{"line":15,"column":21}},"loc":{"start":{"line":15,"column":0},"end":{"line":15,"column":21}}},"1":{"name":"FSPersistence","decl":{"start":{"line":20,"column":2},"end":{"line":20,"column":null}},"loc":{"start":{"line":27,"column":60},"end":{"line":32,"column":3}}},"2":{"name":"(anonymous_26)","decl":{"start":{"line":40,"column":2},"end":{"line":40,"column":8}},"loc":{"start":{"line":40,"column":34},"end":{"line":46,"column":null}}},"3":{"name":"(anonymous_29)","decl":{"start":{"line":51,"column":2},"end":{"line":51,"column":8}},"loc":{"start":{"line":51,"column":2},"end":{"line":84,"column":null}}},"4":{"name":"(anonymous_32)","decl":{"start":{"line":75,"column":26},"end":{"line":75,"column":27}},"loc":{"start":{"line":75,"column":34},"end":{"line":81,"column":5}}},"5":{"name":"(anonymous_33)","decl":{"start":{"line":85,"column":2},"end":{"line":85,"column":8}},"loc":{"start":{"line":85,"column":26},"end":{"line":90,"column":null}}},"6":{"name":"(anonymous_36)","decl":{"start":{"line":95,"column":2},"end":{"line":95,"column":8}},"loc":{"start":{"line":95,"column":2},"end":{"line":98,"column":null}}}},"branchMap":{"0":{"loc":{"start":{"line":52,"column":17},"end":{"line":52,"column":null}},"type":"switch","locations":[{"start":{"line":52,"column":17},"end":{"line":52,"column":null}}]},"1":{"loc":{"start":{"line":55,"column":4},"end":{"line":63,"column":null}},"type":"if","locations":[{"start":{"line":55,"column":4},"end":{"line":63,"column":null}},{"start":{"line":55,"column":4},"end":{"line":63,"column":null}}]},"2":{"loc":{"start":{"line":55,"column":7},"end":{"line":55,"column":19}},"type":"binary-expr","locations":[{"start":{"line":55,"column":7},"end":{"line":55,"column":19}},{"start":{"line":55,"column":23},"end":{"line":55,"column":46}}]},"3":{"loc":{"start":{"line":58,"column":8},"end":{"line":60,"column":null}},"type":"if","locations":[{"start":{"line":58,"column":8},"end":{"line":60,"column":null}},{"start":{"line":58,"column":8},"end":{"line":60,"column":null}}]},"4":{"loc":{"start":{"line":65,"column":4},"end":{"line":68,"column":null}},"type":"if","locations":[{"start":{"line":65,"column":4},"end":{"line":68,"column":null}},{"start":{"line":65,"column":4},"end":{"line":68,"column":null}}]},"5":{"loc":{"start":{"line":96,"column":4},"end":{"line":96,"column":62}},"type":"switch","locations":[{"start":{"line":96,"column":4},"end":{"line":96,"column":62}}]}},"s":{"0":1,"1":1,"2":1,"3":1,"4":1,"5":0,"6":0,"7":0,"8":0,"9":0,"10":0,"11":0,"12":0,"13":0,"14":1,"15":0,"16":0,"17":0,"18":0,"19":0,"20":1,"21":0,"22":0,"23":0,"24":0,"25":0,"26":0,"27":0,"28":0,"29":0,"30":0,"31":0,"32":0,"33":0,"34":0,"35":0,"36":0,"37":0,"38":0,"39":0,"40":0,"41":0,"42":0,"43":0,"44":1,"45":0,"46":0,"47":0,"48":1,"49":0,"50":0,"51":1,"52":1,"53":1},"f":{"0":1,"1":0,"2":0,"3":0,"4":0,"5":0,"6":0},"b":{"0":[0],"1":[0,0],"2":[0,0],"3":[0,0],"4":[0,0],"5":[0]}}
,"/Users/jackmartin/Projects/OpenSource/camadb/src/modules/persistence/fs/fs.ts": {"path":"/Users/jackmartin/Projects/OpenSource/camadb/src/modules/persistence/fs/fs.ts","statementMap":{"0":{"start":{"line":2,"column":0},"end":{"line":2,"column":40}},"1":{"start":{"line":3,"column":0},"end":{"line":3,"column":29}},"2":{"start":{"line":4,"column":0},"end":{"line":4,"column":47}},"3":{"start":{"line":5,"column":0},"end":{"line":5,"column":39}},"4":{"start":{"line":8,"column":0},"end":{"line":8,"column":65}},"5":{"start":{"line":11,"column":0},"end":{"line":11,"column":13}},"6":{"start":{"line":15,"column":48},"end":{"line":15,"column":71}},"7":{"start":{"line":16,"column":44},"end":{"line":16,"column":58}},"8":{"start":{"line":26,"column":8},"end":{"line":41,"column":null}},"9":{"start":{"line":27,"column":4},"end":{"line":27,"column":57}},"10":{"start":{"line":29,"column":10},"end":{"line":29,"column":49}},"11":{"start":{"line":30,"column":4},"end":{"line":30,"column":56}},"12":{"start":{"line":31,"column":4},"end":{"line":31,"column":70}},"13":{"start":{"line":32,"column":10},"end":{"line":32,"column":40}},"14":{"start":{"line":32,"column":8},"end":{"line":32,"column":9}},"15":{"start":{"line":33,"column":6},"end":{"line":33,"column":62}},"16":{"start":{"line":34,"column":6},"end":{"line":34,"column":35}},"17":{"start":{"line":36,"column":10},"end":{"line":36,"column":53}},"18":{"start":{"line":37,"column":4},"end":{"line":37,"column":60}},"19":{"start":{"line":38,"column":4},"end":{"line":38,"column":51}},"20":{"start":{"line":39,"column":4},"end":{"line":39,"column":58}},"21":{"start":{"line":40,"column":4},"end":{"line":40,"column":55}},"22":{"start":{"line":47,"column":8},"end":{"line":55,"column":null}},"23":{"start":{"line":49,"column":6},"end":{"line":49,"column":36}},"24":{"start":{"line":50,"column":6},"end":{"line":50,"column":18}},"25":{"start":{"line":53,"column":6},"end":{"line":53,"column":19}},"26":{"start":{"line":61,"column":8},"end":{"line":65,"column":null}},"27":{"start":{"line":62,"column":4},"end":{"line":62,"column":62}},"28":{"start":{"line":63,"column":18},"end":{"line":63,"column":50}},"29":{"start":{"line":63,"column":10},"end":{"line":63,"column":null}},"30":{"start":{"line":64,"column":4},"end":{"line":64,"column":28}},"31":{"start":{"line":72,"column":8},"end":{"line":78,"column":null}},"32":{"start":{"line":73,"column":4},"end":{"line":73,"column":50}},"33":{"start":{"line":74,"column":4},"end":{"line":74,"column":48}},"34":{"start":{"line":75,"column":10},"end":{"line":75,"column":68}},"35":{"start":{"line":77,"column":4},"end":{"line":77,"column":null}},"36":{"start":{"line":84,"column":8},"end":{"line":86,"column":null}},"37":{"start":{"line":85,"column":4},"end":{"line":85,"column":47}},"38":{"start":{"line":92,"column":2},"end":{"line":94,"column":null}},"39":{"start":{"line":93,"column":4},"end":{"line":93,"column":32}},"40":{"start":{"line":98,"column":8},"end":{"line":102,"column":null}},"41":{"start":{"line":99,"column":10},"end":{"line":99,"column":66}},"42":{"start":{"line":100,"column":10},"end":{"line":100,"column":55}},"43":{"start":{"line":101,"column":4},"end":{"line":101,"column":47}},"44":{"start":{"line":105,"column":8},"end":{"line":108,"column":null}},"45":{"start":{"line":106,"column":19},"end":{"line":106,"column":null}},"46":{"start":{"line":106,"column":10},"end":{"line":106,"column":null}},"47":{"start":{"line":107,"column":4},"end":{"line":107,"column":47}},"48":{"start":{"line":117,"column":2},"end":{"line":120,"column":null}},"49":{"start":{"line":118,"column":20},"end":{"line":118,"column":57}},"50":{"start":{"line":119,"column":4},"end":{"line":119,"column":51}},"51":{"start":{"line":11,"column":13},"end":{"line":123,"column":null}},"52":{"start":{"line":123,"column":0},"end":{"line":123,"column":null}},"53":{"start":{"line":11,"column":13},"end":{"line":11,"column":15}}},"fnMap":{"0":{"name":"(anonymous_23)","decl":{"start":{"line":11,"column":0},"end":{"line":11,"column":13}},"loc":{"start":{"line":11,"column":0},"end":{"line":11,"column":13}}},"1":{"name":"Fs","decl":{"start":{"line":15,"column":2},"end":{"line":15,"column":15}},"loc":{"start":{"line":16,"column":58},"end":{"line":16,"column":62}}},"2":{"name":"(anonymous_25)","decl":{"start":{"line":26,"column":2},"end":{"line":26,"column":8}},"loc":{"start":{"line":26,"column":66},"end":{"line":41,"column":null}}},"3":{"name":"(anonymous_28)","decl":{"start":{"line":47,"column":2},"end":{"line":47,"column":8}},"loc":{"start":{"line":47,"column":31},"end":{"line":55,"column":null}}},"4":{"name":"(anonymous_31)","decl":{"start":{"line":61,"column":2},"end":{"line":61,"column":8}},"loc":{"start":{"line":61,"column":36},"end":{"line":65,"column":null}}},"5":{"name":"(anonymous_34)","decl":{"start":{"line":72,"column":2},"end":{"line":72,"column":8}},"loc":{"start":{"line":72,"column":52},"end":{"line":78,"column":null}}},"6":{"name":"(anonymous_37)","decl":{"start":{"line":84,"column":2},"end":{"line":84,"column":8}},"loc":{"start":{"line":84,"column":26},"end":{"line":86,"column":null}}},"7":{"name":"(anonymous_40)","decl":{"start":{"line":92,"column":2},"end":{"line":92,"column":9}},"loc":{"start":{"line":92,"column":22},"end":{"line":94,"column":3}}},"8":{"name":"(anonymous_41)","decl":{"start":{"line":98,"column":2},"end":{"line":98,"column":8}},"loc":{"start":{"line":98,"column":71},"end":{"line":102,"column":null}}},"9":{"name":"(anonymous_44)","decl":{"start":{"line":105,"column":2},"end":{"line":105,"column":8}},"loc":{"start":{"line":105,"column":32},"end":{"line":108,"column":null}}},"10":{"name":"(anonymous_47)","decl":{"start":{"line":117,"column":2},"end":{"line":117,"column":7}},"loc":{"start":{"line":117,"column":50},"end":{"line":120,"column":3}}}},"branchMap":{"0":{"loc":{"start":{"line":32,"column":8},"end":{"line":32,"column":9}},"type":"if","locations":[{"start":{"line":32,"column":8},"end":{"line":32,"column":9}},{"start":{"line":32,"column":8},"end":{"line":32,"column":9}}]},"1":{"loc":{"start":{"line":85,"column":4},"end":{"line":85,"column":47}},"type":"switch","locations":[{"start":{"line":85,"column":4},"end":{"line":85,"column":47}}]},"2":{"loc":{"start":{"line":106,"column":19},"end":{"line":106,"column":null}},"type":"switch","locations":[{"start":{"line":106,"column":19},"end":{"line":106,"column":null}}]}},"s":{"0":1,"1":1,"2":1,"3":1,"4":1,"5":1,"6":0,"7":0,"8":1,"9":0,"10":0,"11":0,"12":0,"13":0,"14":0,"15":0,"16":0,"17":0,"18":0,"19":0,"20":0,"21":0,"22":1,"23":0,"24":0,"25":0,"26":1,"27":0,"28":0,"29":0,"30":0,"31":1,"32":0,"33":0,"34":0,"35":0,"36":1,"37":0,"38":1,"39":0,"40":1,"41":0,"42":0,"43":0,"44":1,"45":0,"46":0,"47":0,"48":1,"49":0,"50":0,"51":1,"52":1,"53":1},"f":{"0":1,"1":0,"2":0,"3":0,"4":0,"5":0,"6":0,"7":0,"8":0,"9":0,"10":0},"b":{"0":[0,0],"1":[0],"2":[0]}}
,"/Users/jackmartin/Projects/OpenSource/camadb/src/modules/persistence/fs/index.ts": {"path":"/Users/jackmartin/Projects/OpenSource/camadb/src/modules/persistence/fs/index.ts","statementMap":{"0":{"start":{"line":1,"column":0},"end":{"line":1,"column":56}},"1":{"start":{"line":3,"column":0},"end":{"line":3,"column":45}},"2":{"start":{"line":4,"column":0},"end":{"line":4,"column":39}},"3":{"start":{"line":6,"column":0},"end":{"line":6,"column":51}},"4":{"start":{"line":8,"column":0},"end":{"line":8,"column":26}},"5":{"start":{"line":14,"column":0},"end":{"line":18,"column":3}},"6":{"start":{"line":15,"column":2},"end":{"line":15,"column":91}},"7":{"start":{"line":16,"column":2},"end":{"line":16,"column":84}},"8":{"start":{"line":17,"column":2},"end":{"line":17,"column":48}}},"fnMap":{"0":{"name":"(anonymous_1)","decl":{"start":{"line":14,"column":35},"end":{"line":14,"column":36}},"loc":{"start":{"line":14,"column":84},"end":{"line":18,"column":1}}}},"branchMap":{},"s":{"0":1,"1":1,"2":1,"3":1,"4":1,"5":1,"6":0,"7":0,"8":0},"f":{"0":0},"b":{}}
,"/Users/jackmartin/Projects/OpenSource/camadb/src/modules/persistence/indexeddb/collection-meta.ts": {"path":"/Users/jackmartin/Projects/OpenSource/camadb/src/modules/persistence/indexeddb/collection-meta.ts","statementMap":{"0":{"start":{"line":1,"column":0},"end":{"line":1,"column":39}},"1":{"start":{"line":7,"column":0},"end":{"line":7,"column":13}},"2":{"start":{"line":15,"column":8},"end":{"line":19,"column":null}},"3":{"start":{"line":17,"column":4},"end":{"line":17,"column":29}},"4":{"start":{"line":24,"column":8},"end":{"line":26,"column":null}},"5":{"start":{"line":25,"column":4},"end":{"line":25,"column":21}},"6":{"start":{"line":7,"column":13},"end":{"line":27,"column":null}},"7":{"start":{"line":27,"column":0},"end":{"line":27,"column":null}},"8":{"start":{"line":7,"column":13},"end":{"line":7,"column":27}}},"fnMap":{"0":{"name":"(anonymous_14)","decl":{"start":{"line":7,"column":0},"end":{"line":7,"column":13}},"loc":{"start":{"line":7,"column":0},"end":{"line":7,"column":13}}},"1":{"name":"(anonymous_16)","decl":{"start":{"line":15,"column":2},"end":{"line":15,"column":8}},"loc":{"start":{"line":15,"column":68},"end":{"line":19,"column":null}}},"2":{"name":"(anonymous_19)","decl":{"start":{"line":24,"column":2},"end":{"line":24,"column":8}},"loc":{"start":{"line":24,"column":2},"end":{"line":26,"column":null}}}},"branchMap":{},"s":{"0":1,"1":1,"2":1,"3":0,"4":1,"5":0,"6":1,"7":1,"8":1},"f":{"0":1,"1":0,"2":0},"b":{}}
,"/Users/jackmartin/Projects/OpenSource/camadb/src/modules/persistence/indexeddb/index.ts": {"path":"/Users/jackmartin/Projects/OpenSource/camadb/src/modules/persistence/indexeddb/index.ts","statementMap":{"0":{"start":{"line":3,"column":0},"end":{"line":3,"column":56}},"1":{"start":{"line":5,"column":0},"end":{"line":5,"column":39}},"2":{"start":{"line":6,"column":0},"end":{"line":6,"column":59}},"3":{"start":{"line":8,"column":0},"end":{"line":8,"column":51}},"4":{"start":{"line":14,"column":0},"end":{"line":17,"column":3}},"5":{"start":{"line":15,"column":2},"end":{"line":15,"column":98}},"6":{"start":{"line":16,"column":2},"end":{"line":16,"column":84}}},"fnMap":{"0":{"name":"(anonymous_1)","decl":{"start":{"line":14,"column":35},"end":{"line":14,"column":36}},"loc":{"start":{"line":14,"column":84},"end":{"line":17,"column":1}}}},"branchMap":{},"s":{"0":1,"1":1,"2":1,"3":1,"4":1,"5":0,"6":0},"f":{"0":0},"b":{}}
,"/Users/jackmartin/Projects/OpenSource/camadb/src/modules/persistence/indexeddb/indexeddb-persistence.ts": {"path":"/Users/jackmartin/Projects/OpenSource/camadb/src/modules/persistence/indexeddb/indexeddb-persistence.ts","statementMap":{"0":{"start":{"line":2,"column":0},"end":{"line":2,"column":47}},"1":{"start":{"line":3,"column":0},"end":{"line":3,"column":39}},"2":{"start":{"line":7,"column":0},"end":{"line":7,"column":43}},"3":{"start":{"line":10,"column":0},"end":{"line":10,"column":21}},"4":{"start":{"line":17,"column":2},"end":{"line":17,"column":null}},"5":{"start":{"line":18,"column":38},"end":{"line":18,"column":57}},"6":{"start":{"line":19,"column":34},"end":{"line":19,"column":48}},"7":{"start":{"line":20,"column":42},"end":{"line":20,"column":64}},"8":{"start":{"line":12,"column":10},"end":{"line":12,"column":23}},"9":{"start":{"line":13,"column":10},"end":{"line":13,"column":28}},"10":{"start":{"line":14,"column":10},"end":{"line":14,"column":25}},"11":{"start":{"line":15,"column":10},"end":{"line":15,"column":28}},"12":{"start":{"line":16,"column":10},"end":{"line":16,"column":51}},"13":{"start":{"line":22,"column":6},"end":{"line":22,"column":47}},"14":{"start":{"line":23,"column":6},"end":{"line":23,"column":38}},"15":{"start":{"line":24,"column":6},"end":{"line":35,"column":7}},"16":{"start":{"line":25,"column":40},"end":{"line":31,"column":null}},"17":{"start":{"line":26,"column":10},"end":{"line":29,"column":null}},"18":{"start":{"line":27,"column":18},"end":{"line":27,"column":63}},"19":{"start":{"line":28,"column":12},"end":{"line":28,"column":34}},"20":{"start":{"line":30,"column":10},"end":{"line":30,"column":null}},"21":{"start":{"line":34,"column":6},"end":{"line":34,"column":19}},"22":{"start":{"line":37,"column":8},"end":{"line":41,"column":null}},"23":{"start":{"line":38,"column":4},"end":{"line":38,"column":47}},"24":{"start":{"line":39,"column":4},"end":{"line":39,"column":22}},"25":{"start":{"line":40,"column":4},"end":{"line":40,"column":26}},"26":{"start":{"line":42,"column":8},"end":{"line":52,"column":null}},"27":{"start":{"line":43,"column":4},"end":{"line":43,"column":26}},"28":{"start":{"line":44,"column":4},"end":{"line":44,"column":27}},"29":{"start":{"line":46,"column":10},"end":{"line":46,"column":65}},"30":{"start":{"line":47,"column":10},"end":{"line":47,"column":57}},"31":{"start":{"line":48,"column":4},"end":{"line":48,"column":38}},"32":{"start":{"line":49,"column":4},"end":{"line":49,"column":19}},"33":{"start":{"line":53,"column":8},"end":{"line":65,"column":null}},"34":{"start":{"line":54,"column":4},"end":{"line":54,"column":26}},"35":{"start":{"line":55,"column":4},"end":{"line":55,"column":27}},"36":{"start":{"line":57,"column":6},"end":{"line":59,"column":null}},"37":{"start":{"line":58,"column":8},"end":{"line":58,"column":null}},"38":{"start":{"line":60,"column":12},"end":{"line":60,"column":85}},"39":{"start":{"line":61,"column":6},"end":{"line":61,"column":11}},"40":{"start":{"line":61,"column":19},"end":{"line":61,"column":44}},"41":{"start":{"line":61,"column":6},"end":{"line":61,"column":44}},"42":{"start":{"line":63,"column":6},"end":{"line":63,"column":24}},"43":{"start":{"line":66,"column":8},"end":{"line":77,"column":null}},"44":{"start":{"line":67,"column":4},"end":{"line":67,"column":26}},"45":{"start":{"line":68,"column":4},"end":{"line":68,"column":27}},"46":{"start":{"line":70,"column":19},"end":{"line":70,"column":null}},"47":{"start":{"line":70,"column":12},"end":{"line":70,"column":null}},"48":{"start":{"line":71,"column":6},"end":{"line":71,"column":25}},"49":{"start":{"line":72,"column":12},"end":{"line":72,"column":67}},"50":{"start":{"line":73,"column":12},"end":{"line":73,"column":59}},"51":{"start":{"line":74,"column":6},"end":{"line":74,"column":37}},"52":{"start":{"line":75,"column":6},"end":{"line":75,"column":24}},"53":{"start":{"line":79,"column":10},"end":{"line":83,"column":null}},"54":{"start":{"line":80,"column":4},"end":{"line":82,"column":null}},"55":{"start":{"line":81,"column":6},"end":{"line":81,"column":null}},"56":{"start":{"line":10,"column":21},"end":{"line":84,"column":null}},"57":{"start":{"line":84,"column":0},"end":{"line":84,"column":null}},"58":{"start":{"line":10,"column":21},"end":{"line":10,"column":null}}},"fnMap":{"0":{"name":"(anonymous_17)","decl":{"start":{"line":10,"column":0},"end":{"line":10,"column":21}},"loc":{"start":{"line":10,"column":0},"end":{"line":10,"column":21}}},"1":{"name":"IndexedDbPersistence","decl":{"start":{"line":17,"column":2},"end":{"line":17,"column":null}},"loc":{"start":{"line":20,"column":64},"end":{"line":36,"column":3}}},"2":{"name":"(anonymous_19)","decl":{"start":{"line":25,"column":17},"end":{"line":25,"column":24}},"loc":{"start":{"line":25,"column":40},"end":{"line":31,"column":null}}},"3":{"name":"(anonymous_20)","decl":{"start":{"line":25,"column":40},"end":{"line":25,"column":null}},"loc":{"start":{"line":25,"column":40},"end":{"line":31,"column":null}}},"4":{"name":"(anonymous_22)","decl":{"start":{"line":33,"column":11},"end":{"line":33,"column":13}},"loc":{"start":{"line":33,"column":13},"end":{"line":35,"column":5}}},"5":{"name":"(anonymous_23)","decl":{"start":{"line":37,"column":2},"end":{"line":37,"column":8}},"loc":{"start":{"line":37,"column":2},"end":{"line":41,"column":null}}},"6":{"name":"(anonymous_26)","decl":{"start":{"line":42,"column":2},"end":{"line":42,"column":8}},"loc":{"start":{"line":42,"column":26},"end":{"line":52,"column":null}}},"7":{"name":"(anonymous_29)","decl":{"start":{"line":53,"column":2},"end":{"line":53,"column":8}},"loc":{"start":{"line":53,"column":2},"end":{"line":65,"column":null}}},"8":{"name":"(anonymous_32)","decl":{"start":{"line":66,"column":2},"end":{"line":66,"column":8}},"loc":{"start":{"line":66,"column":31},"end":{"line":77,"column":null}}},"9":{"name":"(anonymous_35)","decl":{"start":{"line":79,"column":2},"end":{"line":79,"column":10}},"loc":{"start":{"line":79,"column":2},"end":{"line":83,"column":3}}}},"branchMap":{"0":{"loc":{"start":{"line":22,"column":20},"end":{"line":22,"column":36}},"type":"binary-expr","locations":[{"start":{"line":22,"column":20},"end":{"line":22,"column":36}},{"start":{"line":22,"column":40},"end":{"line":22,"column":46}}]},"1":{"loc":{"start":{"line":26,"column":10},"end":{"line":29,"column":null}},"type":"if","locations":[{"start":{"line":26,"column":10},"end":{"line":29,"column":null}},{"start":{"line":26,"column":10},"end":{"line":29,"column":null}}]},"2":{"loc":{"start":{"line":38,"column":11},"end":{"line":38,"column":13}},"type":"cond-expr","locations":[{"start":{"line":38,"column":11},"end":{"line":38,"column":13}},{"start":{"line":38,"column":11},"end":{"line":38,"column":46}}]},"3":{"loc":{"start":{"line":38,"column":4},"end":{"line":38,"column":13}},"type":"binary-expr","locations":[{"start":{"line":38,"column":4},"end":{"line":38,"column":13}},{"start":{"line":38,"column":11},"end":{"line":38,"column":13}}]},"4":{"loc":{"start":{"line":46,"column":22},"end":{"line":46,"column":24}},"type":"cond-expr","locations":[{"start":{"line":46,"column":22},"end":{"line":46,"column":24}},{"start":{"line":46,"column":22},"end":{"line":46,"column":64}}]},"5":{"loc":{"start":{"line":46,"column":15},"end":{"line":46,"column":24}},"type":"binary-expr","locations":[{"start":{"line":46,"column":15},"end":{"line":46,"column":24}},{"start":{"line":46,"column":22},"end":{"line":46,"column":24}}]},"6":{"loc":{"start":{"line":47,"column":20},"end":{"line":47,"column":22}},"type":"cond-expr","locations":[{"start":{"line":47,"column":20},"end":{"line":47,"column":22}},{"start":{"line":47,"column":18},"end":{"line":47,"column":56}}]},"7":{"loc":{"start":{"line":47,"column":18},"end":{"line":47,"column":22}},"type":"binary-expr","locations":[{"start":{"line":47,"column":18},"end":{"line":47,"column":22}},{"start":{"line":47,"column":18},"end":{"line":47,"column":22}}]},"8":{"loc":{"start":{"line":48,"column":15},"end":{"line":48,"column":17}},"type":"cond-expr","locations":[{"start":{"line":48,"column":15},"end":{"line":48,"column":17}},{"start":{"line":48,"column":10},"end":{"line":48,"column":37}}]},"9":{"loc":{"start":{"line":48,"column":10},"end":{"line":48,"column":17}},"type":"binary-expr","locations":[{"start":{"line":48,"column":10},"end":{"line":48,"column":17}},{"start":{"line":48,"column":10},"end":{"line":48,"column":17}}]},"10":{"loc":{"start":{"line":49,"column":12},"end":{"line":49,"column":14}},"type":"cond-expr","locations":[{"start":{"line":49,"column":12},"end":{"line":49,"column":14}},{"start":{"line":49,"column":10},"end":{"line":49,"column":18}}]},"11":{"loc":{"start":{"line":49,"column":10},"end":{"line":49,"column":14}},"type":"binary-expr","locations":[{"start":{"line":49,"column":10},"end":{"line":49,"column":14}},{"start":{"line":49,"column":10},"end":{"line":49,"column":14}}]},"12":{"loc":{"start":{"line":57,"column":6},"end":{"line":59,"column":null}},"type":"if","locations":[{"start":{"line":57,"column":6},"end":{"line":59,"column":null}},{"start":{"line":57,"column":6},"end":{"line":59,"column":null}}]},"13":{"loc":{"start":{"line":60,"column":27},"end":{"line":60,"column":29}},"type":"cond-expr","locations":[{"start":{"line":60,"column":27},"end":{"line":60,"column":29}},{"start":{"line":60,"column":27},"end":{"line":60,"column":84}}]},"14":{"loc":{"start":{"line":60,"column":20},"end":{"line":60,"column":29}},"type":"binary-expr","locations":[{"start":{"line":60,"column":20},"end":{"line":60,"column":29}},{"start":{"line":60,"column":27},"end":{"line":60,"column":29}}]},"15":{"loc":{"start":{"line":61,"column":30},"end":{"line":61,"column":32}},"type":"cond-expr","locations":[{"start":{"line":61,"column":30},"end":{"line":61,"column":32}},{"start":{"line":61,"column":25},"end":{"line":61,"column":43}}]},"16":{"loc":{"start":{"line":61,"column":25},"end":{"line":61,"column":32}},"type":"binary-expr","locations":[{"start":{"line":61,"column":25},"end":{"line":61,"column":32}},{"start":{"line":61,"column":25},"end":{"line":61,"column":32}}]},"17":{"loc":{"start":{"line":72,"column":24},"end":{"line":72,"column":26}},"type":"cond-expr","locations":[{"start":{"line":72,"column":24},"end":{"line":72,"column":26}},{"start":{"line":72,"column":24},"end":{"line":72,"column":66}}]},"18":{"loc":{"start":{"line":72,"column":17},"end":{"line":72,"column":26}},"type":"binary-expr","locations":[{"start":{"line":72,"column":17},"end":{"line":72,"column":26}},{"start":{"line":72,"column":24},"end":{"line":72,"column":26}}]},"19":{"loc":{"start":{"line":73,"column":22},"end":{"line":73,"column":24}},"type":"cond-expr","locations":[{"start":{"line":73,"column":22},"end":{"line":73,"column":24}},{"start":{"line":73,"column":20},"end":{"line":73,"column":58}}]},"20":{"loc":{"start":{"line":73,"column":20},"end":{"line":73,"column":24}},"type":"binary-expr","locations":[{"start":{"line":73,"column":20},"end":{"line":73,"column":24}},{"start":{"line":73,"column":20},"end":{"line":73,"column":24}}]},"21":{"loc":{"start":{"line":74,"column":17},"end":{"line":74,"column":19}},"type":"cond-expr","locations":[{"start":{"line":74,"column":17},"end":{"line":74,"column":19}},{"start":{"line":74,"column":12},"end":{"line":74,"column":36}}]},"22":{"loc":{"start":{"line":74,"column":12},"end":{"line":74,"column":19}},"type":"binary-expr","locations":[{"start":{"line":74,"column":12},"end":{"line":74,"column":19}},{"start":{"line":74,"column":12},"end":{"line":74,"column":19}}]},"23":{"loc":{"start":{"line":80,"column":4},"end":{"line":82,"column":null}},"type":"if","locations":[{"start":{"line":80,"column":4},"end":{"line":82,"column":null}},{"start":{"line":80,"column":4},"end":{"line":82,"column":null}}]}},"s":{"0":2,"1":2,"2":2,"3":2,"4":3,"5":3,"6":3,"7":3,"8":3,"9":3,"10":3,"11":3,"12":3,"13":3,"14":3,"15":3,"16":0,"17":0,"18":0,"19":0,"20":0,"21":0,"22":2,"23":0,"24":0,"25":0,"26":2,"27":0,"28":0,"29":0,"30":0,"31":0,"32":0,"33":2,"34":0,"35":0,"36":0,"37":0,"38":0,"39":0,"40":0,"41":0,"42":0,"43":2,"44":0,"45":0,"46":0,"47":0,"48":0,"49":0,"50":0,"51":0,"52":0,"53":2,"54":0,"55":0,"56":2,"57":2,"58":2},"f":{"0":2,"1":3,"2":0,"3":0,"4":0,"5":0,"6":0,"7":0,"8":0,"9":0},"b":{"0":[3,0],"1":[0,0],"2":[0,0],"3":[0,0],"4":[0,0],"5":[0,0],"6":[0,0],"7":[0,0],"8":[0,0],"9":[0,0],"10":[0,0],"11":[0,0],"12":[0,0],"13":[0,0],"14":[0,0],"15":[0,0],"16":[0,0],"17":[0,0],"18":[0,0],"19":[0,0],"20":[0,0],"21":[0,0],"22":[0,0],"23":[0,0]}}
,"/Users/jackmartin/Projects/OpenSource/camadb/src/modules/persistence/inmemory/collection-meta.ts": {"path":"/Users/jackmartin/Projects/OpenSource/camadb/src/modules/persistence/inmemory/collection-meta.ts","statementMap":{"0":{"start":{"line":1,"column":0},"end":{"line":1,"column":39}},"1":{"start":{"line":8,"column":0},"end":{"line":8,"column":13}},"2":{"start":{"line":19,"column":8},"end":{"line":21,"column":null}},"3":{"start":{"line":20,"column":4},"end":{"line":20,"column":29}},"4":{"start":{"line":28,"column":8},"end":{"line":32,"column":null}},"5":{"start":{"line":30,"column":4},"end":{"line":30,"column":29}},"6":{"start":{"line":37,"column":8},"end":{"line":39,"column":null}},"7":{"start":{"line":38,"column":4},"end":{"line":38,"column":21}},"8":{"start":{"line":8,"column":13},"end":{"line":40,"column":null}},"9":{"start":{"line":40,"column":0},"end":{"line":40,"column":null}},"10":{"start":{"line":8,"column":13},"end":{"line":8,"column":27}}},"fnMap":{"0":{"name":"(anonymous_14)","decl":{"start":{"line":8,"column":0},"end":{"line":8,"column":13}},"loc":{"start":{"line":8,"column":0},"end":{"line":8,"column":13}}},"1":{"name":"(anonymous_16)","decl":{"start":{"line":19,"column":2},"end":{"line":19,"column":8}},"loc":{"start":{"line":19,"column":62},"end":{"line":21,"column":null}}},"2":{"name":"(anonymous_19)","decl":{"start":{"line":28,"column":2},"end":{"line":28,"column":8}},"loc":{"start":{"line":28,"column":68},"end":{"line":32,"column":null}}},"3":{"name":"(anonymous_22)","decl":{"start":{"line":37,"column":2},"end":{"line":37,"column":8}},"loc":{"start":{"line":37,"column":2},"end":{"line":39,"column":null}}}},"branchMap":{},"s":{"0":3,"1":3,"2":3,"3":1,"4":3,"5":1,"6":3,"7":2,"8":3,"9":3,"10":3},"f":{"0":8,"1":1,"2":1,"3":2},"b":{}}
,"/Users/jackmartin/Projects/OpenSource/camadb/src/modules/persistence/inmemory/index.ts": {"path":"/Users/jackmartin/Projects/OpenSource/camadb/src/modules/persistence/inmemory/index.ts","statementMap":{"0":{"start":{"line":3,"column":0},"end":{"line":3,"column":56}},"1":{"start":{"line":5,"column":0},"end":{"line":5,"column":39}},"2":{"start":{"line":6,"column":0},"end":{"line":6,"column":57}},"3":{"start":{"line":8,"column":0},"end":{"line":8,"column":51}},"4":{"start":{"line":14,"column":0},"end":{"line":17,"column":3}},"5":{"start":{"line":15,"column":2},"end":{"line":15,"column":97}},"6":{"start":{"line":16,"column":2},"end":{"line":16,"column":84}}},"fnMap":{"0":{"name":"(anonymous_1)","decl":{"start":{"line":14,"column":35},"end":{"line":14,"column":36}},"loc":{"start":{"line":14,"column":84},"end":{"line":17,"column":1}}}},"branchMap":{},"s":{"0":2,"1":2,"2":2,"3":2,"4":2,"5":1,"6":1},"f":{"0":1},"b":{}}
,"/Users/jackmartin/Projects/OpenSource/camadb/src/modules/persistence/inmemory/inmemory-persistence.ts": {"path":"/Users/jackmartin/Projects/OpenSource/camadb/src/modules/persistence/inmemory/inmemory-persistence.ts","statementMap":{"0":{"start":{"line":2,"column":0},"end":{"line":2,"column":39}},"1":{"start":{"line":6,"column":0},"end":{"line":6,"column":21}},"2":{"start":{"line":7,"column":10},"end":{"line":7,"column":23}},"3":{"start":{"line":8,"column":10},"end":{"line":8,"column":28}},"4":{"start":{"line":9,"column":10},"end":{"line":9,"column":30}},"5":{"start":{"line":10,"column":10},"end":{"line":10,"column":26}},"6":{"start":{"line":12,"column":8},"end":{"line":15,"column":null}},"7":{"start":{"line":13,"column":4},"end":{"line":13,"column":22}},"8":{"start":{"line":14,"column":4},"end":{"line":14,"column":26}},"9":{"start":{"line":16,"column":8},"end":{"line":19,"column":null}},"10":{"start":{"line":17,"column":4},"end":{"line":17,"column":26}},"11":{"start":{"line":18,"column":4},"end":{"line":18,"column":25}},"12":{"start":{"line":20,"column":8},"end":{"line":23,"column":null}},"13":{"start":{"line":21,"column":4},"end":{"line":21,"column":26}},"14":{"start":{"line":22,"column":4},"end":{"line":22,"column":null}},"15":{"start":{"line":24,"column":8},"end":{"line":30,"column":null}},"16":{"start":{"line":25,"column":4},"end":{"line":25,"column":26}},"17":{"start":{"line":26,"column":19},"end":{"line":26,"column":null}},"18":{"start":{"line":26,"column":12},"end":{"line":26,"column":null}},"19":{"start":{"line":27,"column":6},"end":{"line":27,"column":25}},"20":{"start":{"line":28,"column":6},"end":{"line":28,"column":24}},"21":{"start":{"line":33,"column":10},"end":{"line":37,"column":null}},"22":{"start":{"line":34,"column":4},"end":{"line":36,"column":null}},"23":{"start":{"line":35,"column":6},"end":{"line":35,"column":null}},"24":{"start":{"line":6,"column":21},"end":{"line":38,"column":null}},"25":{"start":{"line":38,"column":0},"end":{"line":38,"column":null}},"26":{"start":{"line":6,"column":21},"end":{"line":6,"column":null}}},"fnMap":{"0":{"name":"(anonymous_14)","decl":{"start":{"line":6,"column":0},"end":{"line":6,"column":21}},"loc":{"start":{"line":6,"column":0},"end":{"line":6,"column":21}}},"1":{"name":"(anonymous_16)","decl":{"start":{"line":12,"column":2},"end":{"line":12,"column":8}},"loc":{"start":{"line":12,"column":2},"end":{"line":15,"column":null}}},"2":{"name":"(anonymous_19)","decl":{"start":{"line":16,"column":2},"end":{"line":16,"column":8}},"loc":{"start":{"line":16,"column":26},"end":{"line":19,"column":null}}},"3":{"name":"(anonymous_22)","decl":{"start":{"line":20,"column":2},"end":{"line":20,"column":8}},"loc":{"start":{"line":20,"column":2},"end":{"line":23,"column":null}}},"4":{"name":"(anonymous_25)","decl":{"start":{"line":24,"column":2},"end":{"line":24,"column":8}},"loc":{"start":{"line":24,"column":31},"end":{"line":30,"column":null}}},"5":{"name":"(anonymous_28)","decl":{"start":{"line":33,"column":2},"end":{"line":33,"column":10}},"loc":{"start":{"line":33,"column":2},"end":{"line":37,"column":3}}}},"branchMap":{"0":{"loc":{"start":{"line":34,"column":4},"end":{"line":36,"column":null}},"type":"if","locations":[{"start":{"line":34,"column":4},"end":{"line":36,"column":null}},{"start":{"line":34,"column":4},"end":{"line":36,"column":null}}]}},"s":{"0":3,"1":3,"2":4,"3":4,"4":4,"5":4,"6":3,"7":3,"8":3,"9":3,"10":1,"11":1,"12":3,"13":4,"14":4,"15":3,"16":2,"17":2,"18":2,"19":2,"20":2,"21":3,"22":7,"23":0,"24":3,"25":3,"26":3},"f":{"0":7,"1":3,"2":1,"3":4,"4":2,"5":7},"b":{"0":[0,7]}}
,"/Users/jackmartin/Projects/OpenSource/camadb/src/modules/persistence/localstorage/collection-meta.ts": {"path":"/Users/jackmartin/Projects/OpenSource/camadb/src/modules/persistence/localstorage/collection-meta.ts","statementMap":{"0":{"start":{"line":1,"column":0},"end":{"line":1,"column":39}},"1":{"start":{"line":6,"column":0},"end":{"line":6,"column":13}},"2":{"start":{"line":15,"column":8},"end":{"line":19,"column":null}},"3":{"start":{"line":17,"column":4},"end":{"line":17,"column":29}},"4":{"start":{"line":24,"column":8},"end":{"line":26,"column":null}},"5":{"start":{"line":25,"column":4},"end":{"line":25,"column":21}},"6":{"start":{"line":6,"column":13},"end":{"line":27,"column":null}},"7":{"start":{"line":27,"column":0},"end":{"line":27,"column":null}},"8":{"start":{"line":6,"column":13},"end":{"line":6,"column":27}}},"fnMap":{"0":{"name":"(anonymous_14)","decl":{"start":{"line":6,"column":0},"end":{"line":6,"column":13}},"loc":{"start":{"line":6,"column":0},"end":{"line":6,"column":13}}},"1":{"name":"(anonymous_16)","decl":{"start":{"line":15,"column":2},"end":{"line":15,"column":8}},"loc":{"start":{"line":15,"column":68},"end":{"line":19,"column":null}}},"2":{"name":"(anonymous_19)","decl":{"start":{"line":24,"column":2},"end":{"line":24,"column":8}},"loc":{"start":{"line":24,"column":2},"end":{"line":26,"column":null}}}},"branchMap":{},"s":{"0":1,"1":1,"2":1,"3":0,"4":1,"5":0,"6":1,"7":1,"8":1},"f":{"0":1,"1":0,"2":0},"b":{}}
,"/Users/jackmartin/Projects/OpenSource/camadb/src/modules/persistence/localstorage/index.ts": {"path":"/Users/jackmartin/Projects/OpenSource/camadb/src/modules/persistence/localstorage/index.ts","statementMap":{"0":{"start":{"line":3,"column":0},"end":{"line":3,"column":56}},"1":{"start":{"line":5,"column":0},"end":{"line":5,"column":39}},"2":{"start":{"line":6,"column":0},"end":{"line":6,"column":65}},"3":{"start":{"line":8,"column":0},"end":{"line":8,"column":51}},"4":{"start":{"line":14,"column":0},"end":{"line":17,"column":3}},"5":{"start":{"line":15,"column":2},"end":{"line":15,"column":101}},"6":{"start":{"line":16,"column":2},"end":{"line":16,"column":84}}},"fnMap":{"0":{"name":"(anonymous_1)","decl":{"start":{"line":14,"column":35},"end":{"line":14,"column":36}},"loc":{"start":{"line":14,"column":84},"end":{"line":17,"column":1}}}},"branchMap":{},"s":{"0":1,"1":1,"2":1,"3":1,"4":1,"5":0,"6":0},"f":{"0":0},"b":{}}
,"/Users/jackmartin/Projects/OpenSource/camadb/src/modules/persistence/localstorage/localstorage-persistence.ts": {"path":"/Users/jackmartin/Projects/OpenSource/camadb/src/modules/persistence/localstorage/localstorage-persistence.ts","statementMap":{"0":{"start":{"line":2,"column":0},"end":{"line":2,"column":47}},"1":{"start":{"line":3,"column":0},"end":{"line":3,"column":39}},"2":{"start":{"line":9,"column":0},"end":{"line":9,"column":21}},"3":{"start":{"line":14,"column":38},"end":{"line":14,"column":57}},"4":{"start":{"line":15,"column":34},"end":{"line":15,"column":48}},"5":{"start":{"line":16,"column":42},"end":{"line":16,"column":64}},"6":{"start":{"line":11,"column":10},"end":{"line":11,"column":28}},"7":{"start":{"line":12,"column":10},"end":{"line":12,"column":28}},"8":{"start":{"line":18,"column":4},"end":{"line":18,"column":45}},"9":{"start":{"line":19,"column":4},"end":{"line":19,"column":19}},"10":{"start":{"line":21,"column":8},"end":{"line":25,"column":null}},"11":{"start":{"line":23,"column":4},"end":{"line":23,"column":81}},"12":{"start":{"line":24,"column":4},"end":{"line":24,"column":26}},"13":{"start":{"line":26,"column":8},"end":{"line":30,"column":null}},"14":{"start":{"line":27,"column":4},"end":{"line":27,"column":26}},"15":{"start":{"line":28,"column":4},"end":{"line":28,"column":32}},"16":{"start":{"line":31,"column":8},"end":{"line":40,"column":null}},"17":{"start":{"line":32,"column":4},"end":{"line":32,"column":26}},"18":{"start":{"line":33,"column":6},"end":{"line":35,"column":null}},"19":{"start":{"line":34,"column":8},"end":{"line":34,"column":null}},"20":{"start":{"line":36,"column":6},"end":{"line":36,"column":11}},"21":{"start":{"line":36,"column":19},"end":{"line":36,"column":41}},"22":{"start":{"line":36,"column":6},"end":{"line":36,"column":41}},"23":{"start":{"line":38,"column":6},"end":{"line":38,"column":24}},"24":{"start":{"line":41,"column":8},"end":{"line":47,"column":null}},"25":{"start":{"line":42,"column":4},"end":{"line":42,"column":26}},"26":{"start":{"line":43,"column":19},"end":{"line":43,"column":null}},"27":{"start":{"line":43,"column":12},"end":{"line":43,"column":null}},"28":{"start":{"line":44,"column":6},"end":{"line":44,"column":25}},"29":{"start":{"line":45,"column":6},"end":{"line":45,"column":31}},"30":{"start":{"line":48,"column":16},"end":{"line":55,"column":null}},"31":{"start":{"line":50,"column":19},"end":{"line":50,"column":null}},"32":{"start":{"line":50,"column":10},"end":{"line":50,"column":null}},"33":{"start":{"line":51,"column":4},"end":{"line":53,"column":null}},"34":{"start":{"line":52,"column":6},"end":{"line":52,"column":16}},"35":{"start":{"line":54,"column":4},"end":{"line":54,"column":30}},"36":{"start":{"line":57,"column":16},"end":{"line":62,"column":null}},"37":{"start":{"line":60,"column":4},"end":{"line":60,"column":106}},"38":{"start":{"line":64,"column":10},"end":{"line":68,"column":null}},"39":{"start":{"line":65,"column":4},"end":{"line":67,"column":null}},"40":{"start":{"line":66,"column":6},"end":{"line":66,"column":null}},"41":{"start":{"line":9,"column":21},"end":{"line":69,"column":null}},"42":{"start":{"line":69,"column":0},"end":{"line":69,"column":null}},"43":{"start":{"line":9,"column":21},"end":{"line":9,"column":null}}},"fnMap":{"0":{"name":"(anonymous_17)","decl":{"start":{"line":9,"column":0},"end":{"line":9,"column":21}},"loc":{"start":{"line":9,"column":0},"end":{"line":9,"column":21}}},"1":{"name":"LocalstoragePersistence","decl":{"start":{"line":13,"column":2},"end":{"line":13,"column":null}},"loc":{"start":{"line":16,"column":64},"end":{"line":20,"column":3}}},"2":{"name":"(anonymous_19)","decl":{"start":{"line":21,"column":2},"end":{"line":21,"column":8}},"loc":{"start":{"line":21,"column":2},"end":{"line":25,"column":null}}},"3":{"name":"(anonymous_22)","decl":{"start":{"line":26,"column":2},"end":{"line":26,"column":8}},"loc":{"start":{"line":26,"column":26},"end":{"line":30,"column":null}}},"4":{"name":"(anonymous_25)","decl":{"start":{"line":31,"column":2},"end":{"line":31,"column":8}},"loc":{"start":{"line":31,"column":2},"end":{"line":40,"column":null}}},"5":{"name":"(anonymous_28)","decl":{"start":{"line":41,"column":2},"end":{"line":41,"column":8}},"loc":{"start":{"line":41,"column":31},"end":{"line":47,"column":null}}},"6":{"name":"(anonymous_31)","decl":{"start":{"line":48,"column":2},"end":{"line":48,"column":16}},"loc":{"start":{"line":48,"column":2},"end":{"line":55,"column":null}}},"7":{"name":"(anonymous_34)","decl":{"start":{"line":57,"column":2},"end":{"line":57,"column":16}},"loc":{"start":{"line":57,"column":32},"end":{"line":62,"column":null}}},"8":{"name":"(anonymous_37)","decl":{"start":{"line":64,"column":2},"end":{"line":64,"column":10}},"loc":{"start":{"line":64,"column":2},"end":{"line":68,"column":3}}}},"branchMap":{"0":{"loc":{"start":{"line":18,"column":18},"end":{"line":18,"column":34}},"type":"binary-expr","locations":[{"start":{"line":18,"column":18},"end":{"line":18,"column":34}},{"start":{"line":18,"column":38},"end":{"line":18,"column":44}}]},"1":{"loc":{"start":{"line":33,"column":6},"end":{"line":35,"column":null}},"type":"if","locations":[{"start":{"line":33,"column":6},"end":{"line":35,"column":null}},{"start":{"line":33,"column":6},"end":{"line":35,"column":null}}]},"2":{"loc":{"start":{"line":50,"column":19},"end":{"line":50,"column":null}},"type":"switch","locations":[{"start":{"line":50,"column":19},"end":{"line":50,"column":null}}]},"3":{"loc":{"start":{"line":51,"column":4},"end":{"line":53,"column":null}},"type":"if","locations":[{"start":{"line":51,"column":4},"end":{"line":53,"column":null}},{"start":{"line":51,"column":4},"end":{"line":53,"column":null}}]},"4":{"loc":{"start":{"line":65,"column":4},"end":{"line":67,"column":null}},"type":"if","locations":[{"start":{"line":65,"column":4},"end":{"line":67,"column":null}},{"start":{"line":65,"column":4},"end":{"line":67,"column":null}}]}},"s":{"0":1,"1":1,"2":1,"3":0,"4":0,"5":0,"6":0,"7":0,"8":0,"9":0,"10":1,"11":0,"12":0,"13":1,"14":0,"15":0,"16":1,"17":0,"18":0,"19":0,"20":0,"21":0,"22":0,"23":0,"24":1,"25":0,"26":0,"27":0,"28":0,"29":0,"30":1,"31":0,"32":0,"33":0,"34":0,"35":0,"36":1,"37":0,"38":1,"39":0,"40":0,"41":1,"42":1,"43":1},"f":{"0":1,"1":0,"2":0,"3":0,"4":0,"5":0,"6":0,"7":0,"8":0},"b":{"0":[0,0],"1":[0,0],"2":[0],"3":[0,0],"4":[0,0]}}
[...]
n":44},"end":{"line":22,"column":58}},"10":{"start":{"line":18,"column":10},"end":{"line":18,"column":27}},"11":{"start":{"line":31,"column":8},"end":{"line":53,"column":null}},"12":{"start":{"line":31,"column":15},"end":{"line":31,"column":32}},"13":{"start":{"line":31,"column":32},"end":{"line":31,"column":null}},"14":{"start":{"line":33,"column":10},"end":{"line":35,"column":6}},"15":{"start":{"line":36,"column":15},"end":{"line":36,"column":null}},"16":{"start":{"line":36,"column":8},"end":{"line":36,"column":null}},"17":{"start":{"line":37,"column":4},"end":{"line":39,"column":null}},"18":{"start":{"line":38,"column":6},"end":{"line":38,"column":38}},"19":{"start":{"line":40,"column":4},"end":{"line":40,"column":45}},"20":{"start":{"line":41,"column":4},"end":{"line":43,"column":null}},"21":{"start":{"line":42,"column":6},"end":{"line":42,"column":41}},"22":{"start":{"line":44,"column":4},"end":{"line":46,"column":null}},"23":{"start":{"line":45,"column":6},"end":{"line":45,"column":53}},"24":{"start":{"line":47,"column":4},"end":{"line":49,"column":null}},"25":{"start":{"line":48,"column":6},"end":{"line":48,"column":42}},"26":{"start":{"line":50,"column":4},"end":{"line":50,"column":40}},"27":{"start":{"line":51,"column":4},"end":{"line":51,"column":32}},"28":{"start":{"line":52,"column":4},"end":{"line":52,"column":25}},"29":{"start":{"line":55,"column":8},"end":{"line":68,"column":null}},"30":{"start":{"line":56,"column":17},"end":{"line":56,"column":null}},"31":{"start":{"line":56,"column":10},"end":{"line":56,"column":null}},"32":{"start":{"line":57,"column":4},"end":{"line":57,"column":55}},"33":{"start":{"line":58,"column":10},"end":{"line":58,"column":49}},"34":{"start":{"line":59,"column":10},"end":{"line":59,"column":45}},"35":{"start":{"line":60,"column":4},"end":{"line":60,"column":70}},"36":{"start":{"line":61,"column":7},"end":{"line":61,"column":14}},"37":{"start":{"line":62,"column":6},"end":{"line":62,"column":57}},"38":{"start":{"line":63,"column":12},"end":{"line":63,"column":53}},"39":{"start":{"line":64,"column":6},"end":{"line":64,"column":34}},"40":{"start":{"line":65,"column":6},"end":{"line":65,"column":75}},"41":{"start":{"line":66,"column":6},"end":{"line":66,"column":49}},"42":{"start":{"line":16,"column":13},"end":{"line":70,"column":null}},"43":{"start":{"line":70,"column":0},"end":{"line":70,"column":null}},"44":{"start":{"line":16,"column":13},"end":{"line":16,"column":25}}},"fnMap":{"0":{"name":"(anonymous_18)","decl":{"start":{"line":16,"column":0},"end":{"line":16,"column":13}},"loc":{"start":{"line":16,"column":0},"end":{"line":16,"column":13}}},"1":{"name":"QueryService","decl":{"start":{"line":19,"column":2},"end":{"line":19,"column":null}},"loc":{"start":{"line":22,"column":58},"end":{"line":24,"column":3}}},"2":{"name":"(anonymous_20)","decl":{"start":{"line":31,"column":2},"end":{"line":31,"column":8}},"loc":{"start":{"line":31,"column":59},"end":{"line":53,"column":null}}},"3":{"name":"(anonymous_23)","decl":{"start":{"line":55,"column":2},"end":{"line":55,"column":8}},"loc":{"start":{"line":55,"column":37},"end":{"line":68,"column":null}}}},"branchMap":{"0":{"loc":{"start":{"line":31,"column":15},"end":{"line":31,"column":32}},"type":"if","locations":[{"start":{"line":31,"column":15},"end":{"line":31,"column":32}},{"start":{"line":31,"column":15},"end":{"line":31,"column":32}}]},"1":{"loc":{"start":{"line":31,"column":32},"end":{"line":31,"column":null}},"type":"if","locations":[{"start":{"line":31,"column":32},"end":{"line":31,"column":null}},{"start":{"line":31,"column":32},"end":{"line":31,"column":null}}]},"2":{"loc":{"start":{"line":37,"column":4},"end":{"line":39,"column":null}},"type":"if","locations":[{"start":{"line":37,"column":4},"end":{"line":39,"column":null}},{"start":{"line":37,"column":4},"end":{"line":39,"column":null}}]},"3":{"loc":{"start":{"line":41,"column":4},"end":{"line":43,"column":null}},"type":"if","locations":[{"start":{"line":41,"column":4},"end":{"line":43,"column":null}},{"start":{"line":41,"column":4},"end":{"line":43,"column":null}}]},"4":{"loc":{"start":{"line":44,"column":4},"end":{"line":46,"column":null}},"type":"if","locations":[{"start":{"line":44,"column":4},"end":{"line":46,"column":null}},{"start":{"line":44,"column":4},"end":{"line":46,"column":null}}]},"5":{"loc":{"start":{"line":47,"column":4},"end":{"line":49,"column":null}},"type":"if","locations":[{"start":{"line":47,"column":4},"end":{"line":49,"column":null}},{"start":{"line":47,"column":4},"end":{"line":49,"column":null}}]},"6":{"loc":{"start":{"line":56,"column":17},"end":{"line":56,"column":null}},"type":"switch","locations":[{"start":{"line":56,"column":17},"end":{"line":56,"column":null}}]},"7":{"loc":{"start":{"line":61,"column":7},"end":{"line":61,"column":14}},"type":"if","locations":[{"start":{"line":61,"column":7},"end":{"line":61,"column":14}},{"start":{"line":61,"column":7},"end":{"line":61,"column":14}}]}},"s":{"0":3,"1":3,"2":3,"3":3,"4":3,"5":3,"6":3,"7":11,"8":11,"9":11,"10":11,"11":3,"12":8,"13":8,"14":7,"15":7,"16":7,"17":7,"18":3,"19":7,"20":7,"21":4,"22":7,"23":2,"24":7,"25":4,"26":7,"27":7,"28":7,"29":3,"30":2,"31":2,"32":2,"33":2,"34":2,"35":2,"36":2,"37":2,"38":2,"39":2,"40":2,"41":4,"42":3,"43":3,"44":3},"f":{"0":3,"1":11,"2":7,"3":2},"b":{"0":[1,6],"1":[1,6],"2":[3,4],"3":[4,3],"4":[2,5],"5":[4,3],"6":[2],"7":[0,2]}}
,"/Users/jackmartin/Projects/OpenSource/camadb/src/modules/queue/index.ts": {"path":"/Users/jackmartin/Projects/OpenSource/camadb/src/modules/queue/index.ts","statementMap":{"0":{"start":{"line":1,"column":0},"end":{"line":1,"column":56}},"1":{"start":{"line":2,"column":0},"end":{"line":2,"column":36}},"2":{"start":{"line":4,"column":0},"end":{"line":4,"column":47}},"3":{"start":{"line":7,"column":0},"end":{"line":9,"column":3}},"4":{"start":{"line":8,"column":2},"end":{"line":8,"column":null}}},"fnMap":{"0":{"name":"(anonymous_0)","decl":{"start":{"line":7,"column":35},"end":{"line":7,"column":36}},"loc":{"start":{"line":7,"column":84},"end":{"line":9,"column":1}}}},"branchMap":{},"s":{"0":4,"1":4,"2":4,"3":4,"4":13},"f":{"0":13},"b":{}}
,"/Users/jackmartin/Projects/OpenSource/camadb/src/modules/queue/queue.service.ts": {"path":"/Users/jackmartin/Projects/OpenSource/camadb/src/modules/queue/queue.service.ts","statementMap":{"0":{"start":{"line":2,"column":0},"end":{"line":2,"column":39}},"1":{"start":{"line":5,"column":0},"end":{"line":5,"column":13}},"2":{"start":{"line":6,"column":9},"end":{"line":6,"column":37}},"3":{"start":{"line":7,"column":9},"end":{"line":7,"column":24}},"4":{"start":{"line":10,"column":2},"end":{"line":21,"column":null}},"5":{"start":{"line":10,"column":2},"end":{"line":10,"column":5}},"6":{"start":{"line":12,"column":4},"end":{"line":20,"column":7}},"7":{"start":{"line":13,"column":6},"end":{"line":13,"column":28}},"8":{"start":{"line":14,"column":6},"end":{"line":19,"column":19}},"9":{"start":{"line":15,"column":14},"end":{"line":15,"column":33}},"10":{"start":{"line":15,"column":26},"end":{"line":15,"column":33}},"11":{"start":{"line":17,"column":10},"end":{"line":17,"column":29}},"12":{"start":{"line":18,"column":10},"end":{"line":18,"column":26}},"13":{"start":{"line":5,"column":13},"end":{"line":23,"column":null}},"14":{"start":{"line":23,"column":0},"end":{"line":23,"column":null}},"15":{"start":{"line":5,"column":13},"end":{"line":5,"column":25}}},"fnMap":{"0":{"name":"(anonymous_15)","decl":{"start":{"line":5,"column":0},"end":{"line":5,"column":13}},"loc":{"start":{"line":5,"column":0},"end":{"line":5,"column":13}}},"1":{"name":"QueueService","decl":{"start":{"line":8,"column":2},"end":{"line":8,"column":null}},"loc":{"start":{"line":8,"column":2},"end":{"line":9,"column":3}}},"2":{"name":"(anonymous_17)","decl":{"start":{"line":10,"column":2},"end":{"line":10,"column":5}},"loc":{"start":{"line":10,"column":14},"end":{"line":21,"column":3}}},"3":{"name":"(anonymous_18)","decl":{"start":{"line":12,"column":23},"end":{"line":12,"column":24}},"loc":{"start":{"line":12,"column":39},"end":{"line":20,"column":5}}},"4":{"name":"(anonymous_19)","decl":{"start":{"line":15,"column":14},"end":{"line":15,"column":26}},"loc":{"start":{"line":15,"column":14},"end":{"line":15,"column":33}}},"5":{"name":"(anonymous_22)","decl":{"start":{"line":16,"column":14},"end":{"line":16,"column":15}},"loc":{"start":{"line":16,"column":21},"end":{"line":19,"column":9}}}},"branchMap":{},"s":{"0":5,"1":5,"2":13,"3":13,"4":5,"5":6,"6":6,"7":6,"8":6,"9":12,"10":6,"11":5,"12":5,"13":5,"14":5,"15":5},"f":{"0":5,"1":13,"2":6,"3":6,"4":18,"5":5},"b":{}}
,"/Users/jackmartin/Projects/OpenSource/camadb/src/modules/serialization/flatted-serializer.ts": {"path":"/Users/jackmartin/Projects/OpenSource/camadb/src/modules/serialization/flatted-serializer.ts","statementMap":{"0":{"start":{"line":2,"column":0},"end":{"line":2,"column":47}},"1":{"start":{"line":3,"column":0},"end":{"line":3,"column":36}},"2":{"start":{"line":5,"column":0},"end":{"line":5,"column":62}},"3":{"start":{"line":7,"column":27},"end":{"line":7,"column":45}},"4":{"start":{"line":7,"column":12},"end":{"line":7,"column":14}},"5":{"start":{"line":7,"column":23},"end":{"line":7,"column":27}},"6":{"start":{"line":10,"column":0},"end":{"line":10,"column":13}},"7":{"start":{"line":11,"column":44},"end":{"line":11,"column":58}},"8":{"start":{"line":14,"column":2},"end":{"line":19,"column":null}},"9":{"start":{"line":15,"column":20},"end":{"line":15,"column":44}},"10":{"start":{"line":16,"column":19},"end":{"line":16,"column":33}},"11":{"start":{"line":17,"column":4},"end":{"line":17,"column":null}},"12":{"start":{"line":18,"column":4},"end":{"line":18,"column":18}},"13":{"start":{"line":21,"column":2},"end":{"line":27,"column":null}},"14":{"start":{"line":22,"column":20},"end":{"line":22,"column":44}},"15":{"start":{"line":23,"column":19},"end":{"line":23,"column":37}},"16":{"start":{"line":24,"column":4},"end":{"line":24,"column":null}},"17":{"start":{"line":26,"column":4},"end":{"line":26,"column":18}},"18":{"start":{"line":10,"column":13},"end":{"line":29,"column":null}},"19":{"start":{"line":29,"column":0},"end":{"line":29,"column":null}},"20":{"start":{"line":10,"column":13},"end":{"line":10,"column":30}}},"fnMap":{"0":{"name":"(anonymous_4)","decl":{"start":{"line":10,"column":0},"end":{"line":10,"column":13}},"loc":{"start":{"line":10,"column":0},"end":{"line":10,"column":13}}},"1":{"name":"FlattedSerializer","decl":{"start":{"line":11,"column":2},"end":{"line":11,"column":15}},"loc":{"start":{"line":11,"column":58},"end":{"line":12,"column":3}}},"2":{"name":"(anonymous_6)","decl":{"start":{"line":14,"column":2},"end":{"line":14,"column":13}},"loc":{"start":{"line":14,"column":26},"end":{"line":19,"column":3}}},"3":{"name":"(anonymous_7)","decl":{"start":{"line":21,"column":2},"end":{"line":21,"column":11}},"loc":{"start":{"line":21,"column":24},"end":{"line":27,"column":3}}}},"branchMap":{},"s":{"0":3,"1":3,"2":3,"3":3,"4":3,"5":3,"6":3,"7":2,"8":3,"9":1,"10":1,"11":1,"12":1,"13":3,"14":1,"15":1,"16":1,"17":1,"18":3,"19":3,"20":3},"f":{"0":3,"1":2,"2":1,"3":1},"b":{}}
,"/Users/jackmartin/Projects/OpenSource/camadb/src/modules/serialization/index.ts": {"path":"/Users/jackmartin/Projects/OpenSource/camadb/src/modules/serialization/index.ts","statementMap":{"0":{"start":{"line":1,"column":0},"end":{"line":1,"column":56}},"1":{"start":{"line":2,"column":0},"end":{"line":2,"column":36}},"2":{"start":{"line":4,"column":0},"end":{"line":4,"column":57}},"3":{"start":{"line":7,"column":0},"end":{"line":9,"column":3}},"4":{"start":{"line":8,"column":2},"end":{"line":8,"column":60}}},"fnMap":{"0":{"name":"(anonymous_0)","decl":{"start":{"line":7,"column":35},"end":{"line":7,"column":36}},"loc":{"start":{"line":7,"column":84},"end":{"line":9,"column":1}}}},"branchMap":{},"s":{"0":2,"1":2,"2":2,"3":2,"4":1},"f":{"0":1},"b":{}}
,"/Users/jackmartin/Projects/OpenSource/camadb/src/modules/system/index.ts": {"path":"/Users/jackmartin/Projects/OpenSource/camadb/src/modules/system/index.ts","statementMap":{"0":{"start":{"line":1,"column":0},"end":{"line":1,"column":56}},"1":{"start":{"line":3,"column":0},"end":{"line":3,"column":36}},"2":{"start":{"line":4,"column":0},"end":{"line":4,"column":43}},"3":{"start":{"line":5,"column":0},"end":{"line":5,"column":43}},"4":{"start":{"line":8,"column":0},"end":{"line":16,"column":3}},"5":{"start":{"line":11,"column":4},"end":{"line":15,"column":null}},"6":{"start":{"line":12,"column":8},"end":{"line":12,"column":70}},"7":{"start":{"line":14,"column":8},"end":{"line":14,"column":70}}},"fnMap":{"0":{"name":"(anonymous_0)","decl":{"start":{"line":8,"column":35},"end":{"line":8,"column":36}},"loc":{"start":{"line":8,"column":84},"end":{"line":16,"column":1}}}},"branchMap":{"0":{"loc":{"start":{"line":11,"column":4},"end":{"line":15,"column":null}},"type":"if","locations":[{"start":{"line":11,"column":4},"end":{"line":15,"column":null}},{"start":{"line":11,"column":4},"end":{"line":15,"column":null}}]}},"s":{"0":5,"1":5,"2":5,"3":5,"4":5,"5":15,"6":1,"7":14},"f":{"0":15},"b":{"0":[1,14]}}
,"/Users/jackmartin/Projects/OpenSource/camadb/src/modules/system/node.system.ts": {"path":"/Users/jackmartin/Projects/OpenSource/camadb/src/modules/system/node.system.ts","statementMap":{"0":{"start":{"line":1,"column":0},"end":{"line":1,"column":47}},"1":{"start":{"line":2,"column":0},"end":{"line":2,"column":29}},"2":{"start":{"line":4,"column":0},"end":{"line":4,"column":36}},"3":{"start":{"line":9,"column":0},"end":{"line":9,"column":13}},"4":{"start":{"line":10,"column":48},"end":{"line":10,"column":67}},"5":{"start":{"line":12,"column":2},"end":{"line":14,"column":null}},"6":{"start":{"line":13,"column":4},"end":{"line":13,"column":67}},"7":{"start":{"line":9,"column":13},"end":{"line":16,"column":null}},"8":{"start":{"line":16,"column":0},"end":{"line":16,"column":null}},"9":{"start":{"line":9,"column":13},"end":{"line":9,"column":23}}},"fnMap":{"0":{"name":"(anonymous_10)","decl":{"start":{"line":9,"column":0},"end":{"line":9,"column":13}},"loc":{"start":{"line":9,"column":0},"end":{"line":9,"column":13}}},"1":{"name":"NodeSystem","decl":{"start":{"line":10,"column":2},"end":{"line":10,"column":15}},"loc":{"start":{"line":10,"column":67},"end":{"line":11,"column":3}}},"2":{"name":"(anonymous_12)","decl":{"start":{"line":12,"column":2},"end":{"line":12,"column":15}},"loc":{"start":{"line":12,"column":2},"end":{"line":14,"column":3}}}},"branchMap":{"0":{"loc":{"start":{"line":13,"column":11},"end":{"line":13,"column":27}},"type":"binary-expr","locations":[{"start":{"line":13,"column":11},"end":{"line":13,"column":27}},{"start":{"line":13,"column":31},"end":{"line":13,"column":66}}]}},"s":{"0":5,"1":5,"2":5,"3":5,"4":3,"5":5,"6":2,"7":5,"8":5,"9":5},"f":{"0":5,"1":3,"2":2},"b":{"0":[2,1]}}
,"/Users/jackmartin/Projects/OpenSource/camadb/src/modules/system/noop.system.ts": {"path":"/Users/jackmartin/Projects/OpenSource/camadb/src/modules/system/noop.system.ts","statementMap":{"0":{"start":{"line":1,"column":0},"end":{"line":1,"column":47}},"1":{"start":{"line":3,"column":0},"end":{"line":3,"column":36}},"2":{"start":{"line":8,"column":0},"end":{"line":8,"column":13}},"3":{"start":{"line":9,"column":48},"end":{"line":9,"column":67}},"4":{"start":{"line":11,"column":2},"end":{"line":13,"column":null}},"5":{"start":{"line":12,"column":4},"end":{"line":12,"column":18}},"6":{"start":{"line":8,"column":13},"end":{"line":15,"column":null}},"7":{"start":{"line":15,"column":0},"end":{"line":15,"column":null}},"8":{"start":{"line":8,"column":13},"end":{"line":8,"column":23}}},"fnMap":{"0":{"name":"(anonymous_4)","decl":{"start":{"line":8,"column":0},"end":{"line":8,"column":13}},"loc":{"start":{"line":8,"column":0},"end":{"line":8,"column":13}}},"1":{"name":"NoopSystem","decl":{"start":{"line":9,"column":2},"end":{"line":9,"column":15}},"loc":{"start":{"line":9,"column":67},"end":{"line":10,"column":3}}},"2":{"name":"(anonymous_6)","decl":{"start":{"line":11,"column":2},"end":{"line":11,"column":15}},"loc":{"start":{"line":11,"column":2},"end":{"line":13,"column":3}}}},"branchMap":{},"s":{"0":5,"1":5,"2":5,"3":2,"4":5,"5":1,"6":5,"7":5,"8":5},"f":{"0":5,"1":2,"2":1},"b":{}}
,"/Users/jackmartin/Projects/OpenSource/camadb/src/util/batch-array.ts": {"path":"/Users/jackmartin/Projects/OpenSource/camadb/src/util/batch-array.ts","statementMap":{"0":{"start":{"line":6,"column":46},"end":{"line":6,"column":null}},"1":{"start":{"line":7,"column":13},"end":{"line":7,"column":26}},"2":{"start":{"line":8,"column":17},"end":{"line":8,"column":19}},"3":{"start":{"line":9,"column":2},"end":{"line":11,"column":null}},"4":{"start":{"line":10,"column":4},"end":{"line":10,"column":46}},"5":{"start":{"line":12,"column":2},"end":{"line":12,"column":16}},"6":{"start":{"line":6,"column":0},"end":{"line":6,"column":16}}},"fnMap":{"0":{"name":"batchArray","decl":{"start":{"line":6,"column":16},"end":{"line":6,"column":26}},"loc":{"start":{"line":6,"column":65},"end":{"line":13,"column":1}}}},"branchMap":{"0":{"loc":{"start":{"line":6,"column":46},"end":{"line":6,"column":null}},"type":"if","locations":[{"start":{"line":6,"column":46},"end":{"line":6,"column":null}},{"start":{"line":6,"column":46},"end":{"line":6,"column":null}}]}},"s":{"0":6,"1":4,"2":4,"3":4,"4":5,"5":4,"6":1},"f":{"0":4},"b":{"0":[2,2]}}
,"/Users/jackmartin/Projects/OpenSource/camadb/src/util/container.factory.ts": {"path":"/Users/jackmartin/Projects/OpenSource/camadb/src/util/container.factory.ts","statementMap":{"0":{"start":{"line":1,"column":0},"end":{"line":1,"column":38}},"1":{"start":{"line":2,"column":0},"end":{"line":2,"column":71}},"2":{"start":{"line":3,"column":0},"end":{"line":3,"column":59}},"3":{"start":{"line":4,"column":0},"end":{"line":4,"column":43}},"4":{"start":{"line":5,"column":0},"end":{"line":5,"column":45}},"5":{"start":{"line":6,"column":0},"end":{"line":6,"column":43}},"6":{"start":{"line":8,"column":0},"end":{"line":8,"column":33}},"7":{"start":{"line":9,"column":0},"end":{"line":9,"column":60}},"8":{"start":{"line":11,"column":0},"end":{"line":11,"column":73}},"9":{"start":{"line":13,"column":0},"end":{"line":13,"column":67}},"10":{"start":{"line":17,"column":32},"end":{"line":37,"column":1}},"11":{"start":{"line":18,"column":2},"end":{"line":20,"column":null}},"12":{"start":{"line":19,"column":4},"end":{"line":19,"column":77}},"13":{"start":{"line":21,"column":20},"end":{"line":21,"column":35}},"14":{"start":{"line":22,"column":28},"end":{"line":22,"column":88}},"15":{"start":{"line":23,"column":2},"end":{"line":23,"column":36}},"16":{"start":{"line":24,"column":2},"end":{"line":24,"column":38}},"17":{"start":{"line":25,"column":2},"end":{"line":25,"column":30}},"18":{"start":{"line":26,"column":2},"end":{"line":26,"column":31}},"19":{"start":{"line":27,"column":2},"end":{"line":27,"column":30}},"20":{"start":{"line":28,"column":2},"end":{"line":28,"column":78}},"21":{"start":{"line":29,"column":2},"end":{"line":29,"column":85}},"22":{"start":{"line":31,"column":2},"end":{"line":31,"column":76}},"23":{"start":{"line":32,"column":2},"end":{"line":32,"column":94}},"24":{"start":{"line":33,"column":2},"end":{"line":33,"column":79}},"25":{"start":{"line":35,"column":2},"end":{"line":35,"column":19}},"26":{"start":{"line":17,"column":13},"end":{"line":17,"column":32}}},"fnMap":{"0":{"name":"(anonymous_1)","decl":{"start":{"line":17,"column":32},"end":{"line":17,"column":33}},"loc":{"start":{"line":17,"column":116},"end":{"line":37,"column":1}}}},"branchMap":{"0":{"loc":{"start":{"line":18,"column":2},"end":{"line":20,"column":null}},"type":"if","locations":[{"start":{"line":18,"column":2},"end":{"line":20,"column":null}},{"start":{"line":18,"column":2},"end":{"line":20,"column":null}}]}},"s":{"0":2,"1":2,"2":2,"3":2,"4":2,"5":2,"6":2,"7":2,"8":2,"9":2,"10":2,"11":9,"12":8,"13":1,"14":1,"15":1,"16":1,"17":1,"18":1,"19":1,"20":1,"21":1,"22":1,"23":1,"24":1,"25":1,"26":2},"f":{"0":9},"b":{"0":[8,1]}}
}
