TN:
SF:src/index.ts
FN:36,(anonymous_13)
FN:10,(anonymous_14)
FN:13,Cama
FN:30,(anonymous_16)
FNF:4
FNH:4
FNDA:1,(anonymous_13)
FNDA:1,(anonymous_14)
FNDA:1,Cama
FNDA:1,(anonymous_16)
DA:5,1
DA:7,1
DA:10,1
DA:14,1
DA:30,1
DA:31,1
DA:33,1
DA:36,2
LF:8
LH:8
BRF:0
BRH:0
end_of_record
TN:
SF:src/types.ts
FNF:0
FNH:0
DA:2,9
DA:21,9
LF:2
LH:2
BRF:0
BRH:0
end_of_record
TN:
SF:src/interfaces/logger-level.enum.ts
FN:2,(anonymous_0)
FNF:1
FNH:1
FNDA:6,(anonymous_0)
DA:2,6
DA:3,6
DA:4,6
DA:5,6
LF:4
LH:4
BRDA:2,0,0,6
BRDA:2,0,1,6
BRF:2
BRH:2
end_of_record
TN:
SF:src/interfaces/perisistence-adapter.enum.ts
FN:1,(anonymous_0)
FNF:1
FNH:1
FNDA:8,(anonymous_0)
DA:1,8
DA:2,8
DA:3,8
DA:4,8
DA:5,8
LF:5
LH:5
BRDA:1,0,0,8
BRDA:1,0,1,8
BRF:2
BRH:2
end_of_record
TN:
SF:src/mocks/aggregator.ts
FN:5,(anonymous_1)
FN:6,(anonymous_3)
FNF:2
FNH:1
FNDA:12,(anonymous_1)
FNDA:0,(anonymous_3)
DA:2,4
DA:5,4
DA:6,4
DA:7,0
DA:10,4
LF:5
LH:4
BRF:0
BRH:0
end_of_record
TN:
SF:src/mocks/createMockContainer.ts
FN:18,(anonymous_1)
FNF:1
FNH:1
FNDA:12,(anonymous_1)
DA:1,4
DA:4,4
DA:8,4
DA:9,4
DA:10,4
DA:12,4
DA:14,4
DA:16,4
DA:17,4
DA:18,4
DA:19,12
DA:21,12
DA:22,12
DA:23,12
DA:24,12
DA:25,12
DA:26,12
DA:27,12
DA:28,12
DA:29,12
DA:30,12
DA:31,12
LF:22
LH:22
BRF:0
BRH:0
end_of_record
TN:
SF:src/mocks/dummy-data.ts
FNF:0
FNH:0
DA:2,4
LF:1
LH:1
BRF:0
BRH:0
end_of_record
TN:
SF:src/mocks/logger.ts
FN:6,(anonymous_1)
FN:7,(anonymous_3)
FN:10,(anonymous_4)
FN:13,(anonymous_5)
FNF:4
FNH:4
FNDA:14,(anonymous_1)
FNDA:8,(anonymous_3)
FNDA:22,(anonymous_4)
FNDA:8,(anonymous_5)
DA:3,4
DA:6,4
DA:7,4
DA:10,4
DA:13,4
DA:14,8
DA:17,4
LF:7
LH:7
BRF:0
BRH:0
end_of_record
TN:
SF:src/mocks/persistence-adapter.ts
FN:6,(anonymous_14)
FN:7,(anonymous_16)
FN:11,(anonymous_17)
FN:15,(anonymous_20)
FN:19,(anonymous_21)
FN:23,(anonymous_22)
FNF:6
FNH:4
FNDA:14,(anonymous_14)
FNDA:2,(anonymous_16)
FNDA:2,(anonymous_17)
FNDA:0,(anonymous_20)
FNDA:2,(anonymous_21)
FNDA:0,(anonymous_22)
DA:3,4
DA:4,4
DA:6,4
DA:7,4
DA:8,2
DA:11,4
DA:12,2
DA:15,4
DA:16,0
DA:19,4
DA:20,2
DA:23,4
DA:24,0
DA:27,4
LF:14
LH:12
BRF:0
BRH:0
end_of_record
TN:
SF:src/mocks/query.service.ts
FN:7,(anonymous_1)
FN:8,(anonymous_3)
FN:12,(anonymous_4)
FNF:3
FNH:3
FNDA:12,(anonymous_1)
FNDA:2,(anonymous_3)
FNDA:1,(anonymous_4)
DA:4,4
DA:7,4
DA:8,4
DA:9,2
DA:12,4
DA:13,1
DA:16,4
LF:7
LH:7
BRF:0
BRH:0
end_of_record
TN:
SF:src/mocks/serializer.ts
FN:5,(anonymous_1)
FN:6,(anonymous_3)
FN:10,(anonymous_4)
FNF:3
FNH:1
FNDA:4,(anonymous_1)
FNDA:0,(anonymous_3)
FNDA:0,(anonymous_4)
DA:2,4
DA:5,4
DA:6,4
DA:7,0
DA:10,4
DA:11,0
DA:14,4
LF:7
LH:5
BRF:0
BRH:0
end_of_record
TN:
SF:src/modules/collection/index.ts
FN:18,(anonymous_15)
FN:30,Collection
FN:54,(anonymous_17)
FN:71,(anonymous_20)
FN:88,(anonymous_23)
FN:102,(anonymous_26)
FN:115,(anonymous_29)
FN:120,(anonymous_32)
FN:130,(anonymous_33)
FNF:9
FNH:8
FNDA:2,(anonymous_15)
FNDA:9,Collection
FNDA:3,(anonymous_17)
FNDA:2,(anonymous_20)
FNDA:3,(anonymous_23)
FNDA:2,(anonymous_26)
FNDA:2,(anonymous_29)
FNDA:10,(anonymous_32)
FNDA:0,(anonymous_33)
DA:3,2
DA:4,2
DA:9,2
DA:14,2
DA:18,2
DA:26,9
DA:35,9
DA:36,9
DA:37,9
DA:38,9
DA:39,9
DA:41,9
DA:42,9
DA:43,9
DA:44,9
DA:45,9
DA:54,2
DA:55,3
DA:56,2
DA:57,2
DA:59,4
DA:60,2
DA:71,2
DA:72,2
DA:73,1
DA:74,1
DA:75,2
DA:76,1
DA:88,2
DA:89,3
DA:90,2
DA:91,2
DA:92,2
DA:93,2
DA:94,2
DA:102,2
DA:103,2
DA:104,1
DA:105,1
DA:106,2
DA:107,1
DA:115,2
DA:116,4
DA:117,2
DA:120,2
DA:121,10
DA:122,4
DA:130,2
DA:131,0
DA:134,2
LF:50
LH:49
BRDA:116,0,0,2
BRDA:121,1,0,4
BRDA:121,1,1,6
BRF:3
BRH:3
end_of_record
TN:
SF:src/modules/collection/mingo-aggregator.ts
FN:25,(anonymous_23)
FN:26,MingoAggregator
FN:28,(anonymous_25)
FNF:3
FNH:3
FNDA:3,(anonymous_23)
FNDA:3,MingoAggregator
FNDA:2,(anonymous_25)
DA:1,3
DA:2,3
DA:4,3
DA:7,3
DA:8,3
DA:9,3
DA:10,3
DA:11,3
DA:12,3
DA:15,3
DA:17,3
DA:19,3
DA:21,3
DA:22,3
DA:25,3
DA:26,3
DA:28,3
DA:29,2
DA:30,2
DA:31,2
DA:34,3
LF:21
LH:21
BRDA:29,0,0,2
BRF:1
BRH:1
end_of_record
TN:
SF:src/modules/logger/loglevel.ts
FN:9,(anonymous_4)
FN:14,LoglevelLogger
FN:23,(anonymous_6)
FN:31,(anonymous_7)
FN:38,(anonymous_8)
FNF:5
FNH:5
FNDA:3,(anonymous_4)
FNDA:6,LoglevelLogger
FNDA:3,(anonymous_6)
FNDA:1,(anonymous_7)
FNDA:1,(anonymous_8)
DA:1,3
DA:4,3
DA:9,3
DA:12,6
DA:15,6
DA:17,6
DA:19,4
DA:20,4
DA:23,3
DA:24,3
DA:25,1
DA:31,3
DA:35,1
DA:38,3
DA:47,3
LF:15
LH:15
BRDA:17,0,0,4
BRDA:17,0,1,2
BRDA:24,1,0,1
BRDA:24,1,1,2
BRDA:38,2,0,0
BRDA:38,2,1,1
BRF:6
BRH:5
end_of_record
TN:
SF:src/modules/persistence/index.ts
FN:3,(anonymous_0)
FNF:1
FNH:1
FNDA:6,(anonymous_0)
DA:3,3
DA:4,6
DA:6,1
DA:8,1
DA:10,1
DA:12,2
DA:14,1
LF:7
LH:7
BRDA:5,0,0,1
BRDA:5,0,1,1
BRDA:5,0,2,1
BRDA:5,0,3,2
BRDA:5,0,4,1
BRF:5
BRH:5
end_of_record
TN:
SF:src/modules/persistence/fs/collection-meta.ts
FN:15,(anonymous_25)
FN:20,CollectionMeta
FN:27,(anonymous_27)
FN:65,(anonymous_30)
FN:66,(anonymous_33)
FN:82,(anonymous_34)
FN:83,(anonymous_37)
FNF:7
FNH:1
FNDA:1,(anonymous_25)
FNDA:0,CollectionMeta
FNDA:0,(anonymous_27)
FNDA:0,(anonymous_30)
FNDA:0,(anonymous_33)
FNDA:0,(anonymous_34)
FNDA:0,(anonymous_37)
DA:1,1
DA:2,1
DA:3,1
DA:10,1
DA:15,1
DA:20,0
DA:21,0
DA:22,0
DA:23,0
DA:24,0
DA:25,0
DA:26,0
DA:27,0
DA:28,0
DA:29,0
DA:30,0
DA:31,0
DA:32,0
DA:33,0
DA:34,0
DA:36,0
DA:38,0
DA:40,0
DA:41,0
DA:42,0
DA:44,0
DA:46,0
DA:47,0
DA:51,0
DA:52,0
DA:53,0
DA:54,0
DA:55,0
DA:57,0
DA:65,1
DA:66,0
DA:68,0
DA:70,0
DA:71,0
DA:72,0
DA:73,0
DA:74,0
DA:76,0
DA:82,1
DA:83,0
DA:84,0
DA:85,0
DA:87,0
DA:90,1
LF:49
LH:8
BRDA:55,0,0,0
BRDA:33,1,0,0
BRDA:33,1,1,0
BRDA:40,2,0,0
BRDA:40,2,1,0
BRDA:70,3,0,0
BRDA:70,3,1,0
BRDA:87,4,0,0
BRF:8
BRH:0
end_of_record
TN:
SF:src/modules/persistence/fs/fs-persistence.ts
FN:15,(anonymous_24)
FN:20,FSPersistence
FN:40,(anonymous_26)
FN:51,(anonymous_29)
FN:75,(anonymous_32)
FN:85,(anonymous_33)
FN:95,(anonymous_36)
FNF:7
FNH:1
FNDA:1,(anonymous_24)
FNDA:0,FSPersistence
FNDA:0,(anonymous_26)
FNDA:0,(anonymous_29)
FNDA:0,(anonymous_32)
FNDA:0,(anonymous_33)
FNDA:0,(anonymous_36)
DA:2,1
DA:3,1
DA:7,1
DA:9,1
DA:15,1
DA:18,0
DA:21,0
DA:22,0
DA:23,0
DA:24,0
DA:25,0
DA:26,0
DA:27,0
DA:29,0
DA:40,1
DA:41,0
DA:42,0
DA:43,0
DA:44,0
DA:51,1
DA:52,0
DA:53,0
DA:55,0
DA:57,0
DA:58,0
DA:59,0
DA:64,0
DA:65,0
DA:66,0
DA:67,0
DA:69,0
DA:71,0
DA:73,0
DA:75,0
DA:76,0
DA:77,0
DA:80,0
DA:83,0
DA:85,1
DA:86,0
DA:87,0
DA:88,0
DA:95,1
DA:96,0
DA:97,0
DA:100,1
LF:46
LH:10
BRDA:52,0,0,0
BRDA:55,1,0,0
BRDA:55,1,1,0
BRDA:55,2,0,0
BRDA:55,2,1,0
BRDA:58,3,0,0
BRDA:58,3,1,0
BRDA:65,4,0,0
BRDA:65,4,1,0
BRDA:96,5,0,0
BRF:10
BRH:0
end_of_record
TN:
SF:src/modules/persistence/fs/fs.ts
FN:11,(anonymous_23)
FN:15,Fs
FN:26,(anonymous_25)
FN:47,(anonymous_28)
FN:61,(anonymous_31)
FN:72,(anonymous_34)
FN:84,(anonymous_37)
FN:92,(anonymous_40)
FN:98,(anonymous_41)
FN:105,(anonymous_44)
FN:117,(anonymous_47)
FNF:11
FNH:1
FNDA:1,(anonymous_23)
FNDA:0,Fs
FNDA:0,(anonymous_25)
FNDA:0,(anonymous_28)
FNDA:0,(anonymous_31)
FNDA:0,(anonymous_34)
FNDA:0,(anonymous_37)
FNDA:0,(anonymous_40)
FNDA:0,(anonymous_41)
FNDA:0,(anonymous_44)
FNDA:0,(anonymous_47)
DA:2,1
DA:3,1
DA:4,1
DA:5,1
DA:8,1
DA:11,1
DA:15,0
DA:16,0
DA:26,1
DA:27,0
DA:29,0
DA:30,0
DA:31,0
DA:32,0
DA:33,0
DA:34,0
DA:36,0
DA:37,0
DA:38,0
DA:39,0
DA:40,0
DA:47,1
DA:49,0
DA:50,0
DA:53,0
DA:61,1
DA:62,0
DA:63,0
DA:64,0
DA:72,1
DA:73,0
DA:74,0
DA:75,0
DA:77,0
DA:84,1
DA:85,0
DA:92,1
DA:93,0
DA:98,1
DA:99,0
DA:100,0
DA:101,0
DA:105,1
DA:106,0
DA:107,0
DA:117,1
DA:118,0
DA:119,0
DA:123,1
LF:49
LH:16
BRDA:32,0,0,0
BRDA:32,0,1,0
BRDA:85,1,0,0
BRDA:106,2,0,0
BRF:4
BRH:0
end_of_record
TN:
SF:src/modules/persistence/fs/index.ts
FN:14,(anonymous_1)
FNF:1
FNH:0
FNDA:0,(anonymous_1)
DA:1,1
DA:3,1
DA:4,1
DA:6,1
DA:8,1
DA:14,1
DA:15,0
DA:16,0
DA:17,0
LF:9
LH:6
BRF:0
BRH:0
end_of_record
TN:
SF:src/modules/persistence/indexeddb/collection-meta.ts
FN:7,(anonymous_14)
FN:15,(anonymous_16)
FN:24,(anonymous_19)
FNF:3
FNH:1
FNDA:1,(anonymous_14)
FNDA:0,(anonymous_16)
FNDA:0,(anonymous_19)
DA:1,1
DA:7,1
DA:15,1
DA:17,0
DA:24,1
DA:25,0
DA:27,1
LF:7
LH:5
BRF:0
BRH:0
end_of_record
TN:
SF:src/modules/persistence/indexeddb/index.ts
FN:14,(anonymous_1)
FNF:1
FNH:0
FNDA:0,(anonymous_1)
DA:3,1
DA:5,1
DA:6,1
DA:8,1
DA:14,1
DA:15,0
DA:16,0
LF:7
LH:5
BRF:0
BRH:0
end_of_record
TN:
SF:src/modules/persistence/indexeddb/indexeddb-persistence.ts
FN:10,(anonymous_17)
FN:17,IndexedDbPersistence
FN:25,(anonymous_19)
FN:25,(anonymous_20)
FN:33,(anonymous_22)
FN:37,(anonymous_23)
FN:42,(anonymous_26)
FN:53,(anonymous_29)
FN:66,(anonymous_32)
FN:79,(anonymous_35)
FNF:10
FNH:2
FNDA:2,(anonymous_17)
FNDA:3,IndexedDbPersistence
FNDA:0,(anonymous_19)
FNDA:0,(anonymous_20)
FNDA:0,(anonymous_22)
FNDA:0,(anonymous_23)
FNDA:0,(anonymous_26)
FNDA:0,(anonymous_29)
FNDA:0,(anonymous_32)
FNDA:0,(anonymous_35)
DA:2,2
DA:3,2
DA:7,2
DA:10,2
DA:12,3
DA:13,3
DA:14,3
DA:15,3
DA:16,3
DA:17,3
DA:18,3
DA:19,3
DA:20,3
DA:22,3
DA:23,3
DA:24,3
DA:25,0
DA:26,0
DA:27,0
DA:28,0
DA:30,0
DA:34,0
DA:37,2
DA:38,0
DA:39,0
DA:40,0
DA:42,2
DA:43,0
DA:44,0
DA:46,0
DA:47,0
DA:48,0
DA:49,0
DA:53,2
DA:54,0
DA:55,0
DA:57,0
DA:58,0
DA:60,0
DA:61,0
DA:63,0
DA:66,2
DA:67,0
DA:68,0
DA:70,0
DA:71,0
DA:72,0
DA:73,0
DA:74,0
DA:75,0
DA:79,2
DA:80,0
DA:81,0
DA:84,2
LF:54
LH:22
BRDA:22,0,0,3
BRDA:22,0,1,0
BRDA:26,1,0,0
BRDA:26,1,1,0
BRDA:38,2,0,0
BRDA:38,2,1,0
BRDA:38,3,0,0
BRDA:38,3,1,0
BRDA:46,4,0,0
BRDA:46,4,1,0
BRDA:46,5,0,0
BRDA:46,5,1,0
BRDA:47,6,0,0
BRDA:47,6,1,0
BRDA:47,7,0,0
BRDA:47,7,1,0
BRDA:48,8,0,0
BRDA:48,8,1,0
BRDA:48,9,0,0
BRDA:48,9,1,0
BRDA:49,10,0,0
BRDA:49,10,1,0
BRDA:49,11,0,0
BRDA:49,11,1,0
BRDA:57,12,0,0
BRDA:57,12,1,0
BRDA:60,13,0,0
BRDA:60,13,1,0
BRDA:60,14,0,0
BRDA:60,14,1,0
BRDA:61,15,0,0
BRDA:61,15,1,0
BRDA:61,16,0,0
BRDA:61,16,1,0
BRDA:72,17,0,0
BRDA:72,17,1,0
BRDA:72,18,0,0
BRDA:72,18,1,0
BRDA:73,19,0,0
BRDA:73,19,1,0
BRDA:73,20,0,0
BRDA:73,20,1,0
BRDA:74,21,0,0
BRDA:74,21,1,0
BRDA:74,22,0,0
BRDA:74,22,1,0
BRDA:80,23,0,0
BRDA:80,23,1,0
BRF:48
BRH:1
end_of_record
TN:
SF:src/modules/persistence/inmemory/collection-meta.ts
FN:8,(anonymous_14)
FN:19,(anonymous_16)
FN:28,(anonymous_19)
FN:37,(anonymous_22)
FNF:4
FNH:4
FNDA:8,(anonymous_14)
FNDA:1,(anonymous_16)
FNDA:1,(anonymous_19)
FNDA:2,(anonymous_22)
DA:1,3
DA:8,3
DA:19,3
DA:20,1
DA:28,3
DA:30,1
DA:37,3
DA:38,2
DA:40,3
LF:9
LH:9
BRF:0
BRH:0
end_of_record
TN:
SF:src/modules/persistence/inmemory/index.ts
FN:14,(anonymous_1)
FNF:1
FNH:1
FNDA:1,(anonymous_1)
DA:3,2
DA:5,2
DA:6,2
DA:8,2
DA:14,2
DA:15,1
DA:16,1
LF:7
LH:7
BRF:0
BRH:0
end_of_record
TN:
SF:src/modules/persistence/inmemory/inmemory-persistence.ts
FN:6,(anonymous_14)
FN:12,(anonymous_16)
FN:16,(anonymous_19)
FN:20,(anonymous_22)
FN:24,(anonymous_25)
FN:33,(anonymous_28)
FNF:6
FNH:6
FNDA:7,(anonymous_14)
FNDA:3,(anonymous_16)
FNDA:1,(anonymous_19)
FNDA:4,(anonymous_22)
FNDA:2,(anonymous_25)
FNDA:7,(anonymous_28)
DA:2,3
DA:6,3
DA:7,4
DA:8,4
DA:9,4
DA:10,4
DA:12,3
DA:13,3
DA:14,3
DA:16,3
DA:17,1
DA:18,1
DA:20,3
DA:21,4
DA:22,4
DA:24,3
DA:25,2
DA:26,2
DA:27,2
DA:28,2
DA:33,3
DA:34,7
DA:35,0
DA:38,3
LF:24
LH:23
BRDA:34,0,0,0
BRDA:34,0,1,7
BRF:2
BRH:1
end_of_record
TN:
SF:src/modules/persistence/localstorage/collection-meta.ts
FN:6,(anonymous_14)
FN:15,(anonymous_16)
FN:24,(anonymous_19)
FNF:3
FNH:1
FNDA:1,(anonymous_14)
FNDA:0,(anonymous_16)
FNDA:0,(anonymous_19)
DA:1,1
DA:6,1
DA:15,1
DA:17,0
DA:24,1
DA:25,0
DA:27,1
LF:7
LH:5
BRF:0
BRH:0
end_of_record
TN:
SF:src/modules/persistence/localstorage/index.ts
FN:14,(anonymous_1)
FNF:1
FNH:0
FNDA:0,(anonymous_1)
DA:3,1
DA:5,1
DA:6,1
DA:8,1
DA:14,1
DA:15,0
DA:16,0
LF:7
LH:5
BRF:0
BRH:0
end_of_record
TN:
SF:src/modules/persistence/localstorage/localstorage-persistence.ts
FN:9,(anonymous_17)
FN:13,LocalstoragePersistence
FN:21,(anonymous_19)
FN:26,(anonymous_22)
FN:31,(anonymous_25)
FN:41,(anonymous_28)
FN:48,(anonymous_31)
FN:57,(anonymous_34)
FN:64,(anonymous_37)
FNF:9
FNH:1
FNDA:1,(anonymous_17)
FNDA:0,LocalstoragePersistence
FNDA:0,(anonymous_19)
FNDA:0,(anonymous_22)
FNDA:0,(anonymous_25)
FNDA:0,(anonymous_28)
FNDA:0,(anonymous_31)
FNDA:0,(anonymous_34)
FNDA:0,(anonymous_37)
DA:2,1
DA:3,1
DA:9,1
DA:11,0
DA:12,0
DA:14,0
DA:15,0
DA:16,0
DA:18,0
DA:19,0
DA:21,1
DA:23,0
DA:24,0
DA:26,1
DA:27,0
DA:28,0
DA:31,1
DA:32,0
DA:33,0
DA:34,0
DA:36,0
DA:38,0
DA:41,1
DA:42,0
DA:43,0
DA:44,0
DA:45,0
DA:48,1
DA:50,0
DA:51,0
DA:52,0
DA:54,0
DA:57,1
DA:60,0
DA:64,1
DA:65,0
DA:66,0
DA:69,1
LF:38
LH:11
BRDA:18,0,0,0
BRDA:18,0,1,0
BRDA:33,1,0,0
BRDA:33,1,1,0
BRDA:50,2,0,0
BRDA:51,3,0,0
BRDA:51,3,1,0
BRDA:65,4,0,0
BRDA:65,4,1,0
BRF:9
BRH:0
end_of_record
TN:
SF:src/modules/query/index.ts
FN:7,(anonymous_0)
FNF:1
FNH:1
FNDA:1,(anonymous_0)
DA:1,2
DA:2,2
DA:4,2
DA:7,2
DA:8,1
LF:5
LH:5
BRF:0
BRH:0
end_of_record
TN:
SF:src/modules/query/query.service.ts
FN:16,(anonymous_18)
FN:19,QueryService
FN:31,(anonymous_20)
FN:55,(anonymous_23)
FNF:4
FNH:4
FNDA:3,(anonymous_18)
FNDA:11,QueryService
FNDA:7,(anonymous_20)
FNDA:2,(anonymous_23)
DA:2,3
DA:3,3
DA:5,3
DA:6,3
DA:12,3
DA:13,3
DA:16,3
DA:18,11
DA:20,11
DA:21,11
DA:22,11
DA:31,8
DA:33,7
DA:36,7
DA:37,7
DA:38,3
DA:40,7
DA:41,7
DA:42,4
DA:44,7
DA:45,2
DA:47,7
DA:48,4
DA:50,7
DA:51,7
DA:52,7
DA:55,3
DA:56,2
DA:57,2
DA:58,2
DA:59,2
DA:60,2
DA:61,2
DA:62,2
DA:63,2
DA:64,2
DA:65,2
DA:66,4
DA:70,3
LF:39
LH:39
BRDA:31,0,0,1
BRDA:31,0,1,6
BRDA:31,1,0,1
BRDA:31,1,1,6
BRDA:37,2,0,3
BRDA:37,2,1,4
BRDA:41,3,0,4
BRDA:41,3,1,3
BRDA:44,4,0,2
BRDA:44,4,1,5
BRDA:47,5,0,4
BRDA:47,5,1,3
BRDA:56,6,0,2
BRDA:61,7,0,0
BRDA:61,7,1,2
BRF:15
BRH:14
end_of_record
TN:
SF:src/modules/queue/index.ts
FN:7,(anonymous_0)
FNF:1
FNH:1
FNDA:13,(anonymous_0)
DA:1,4
DA:2,4
DA:4,4
DA:7,4
DA:8,13
LF:5
LH:5
BRF:0
BRH:0
end_of_record
TN:
SF:src/modules/queue/queue.service.ts
FN:5,(anonymous_15)
FN:8,QueueService
FN:10,(anonymous_17)
FN:12,(anonymous_18)
FN:15,(anonymous_19)
FN:16,(anonymous_22)
FNF:6
FNH:6
FNDA:5,(anonymous_15)
FNDA:13,QueueService
FNDA:6,(anonymous_17)
FNDA:6,(anonymous_18)
FNDA:18,(anonymous_19)
FNDA:5,(anonymous_22)
DA:2,5
DA:5,5
DA:6,13
DA:7,13
DA:10,6
DA:12,6
DA:13,6
DA:14,6
DA:15,12
DA:17,5
DA:18,5
DA:23,5
LF:12
LH:12
BRF:0
BRH:0
end_of_record
TN:
SF:src/modules/serialization/flatted-serializer.ts
FN:10,(anonymous_4)
FN:11,FlattedSerializer
FN:14,(anonymous_6)
FN:21,(anonymous_7)
FNF:4
FNH:4
FNDA:3,(anonymous_4)
FNDA:2,FlattedSerializer
FNDA:1,(anonymous_6)
FNDA:1,(anonymous_7)
DA:2,3
DA:3,3
DA:5,3
DA:7,3
DA:10,3
DA:11,2
DA:14,3
DA:15,1
DA:16,1
DA:17,1
DA:18,1
DA:21,3
DA:22,1
DA:23,1
DA:24,1
DA:26,1
DA:29,3
LF:17
LH:17
BRF:0
BRH:0
end_of_record
TN:
SF:src/modules/serialization/index.ts
FN:7,(anonymous_0)
FNF:1
FNH:1
FNDA:1,(anonymous_0)
DA:1,2
DA:2,2
DA:4,2
DA:7,2
DA:8,1
LF:5
LH:5
BRF:0
BRH:0
end_of_record
TN:
SF:src/modules/system/index.ts
FN:8,(anonymous_0)
FNF:1
FNH:1
FNDA:15,(anonymous_0)
DA:1,5
DA:3,5
DA:4,5
DA:5,5
DA:8,5
DA:11,15
DA:12,1
DA:14,14
LF:8
LH:8
BRDA:11,0,0,1
BRDA:11,0,1,14
BRF:2
BRH:2
end_of_record
TN:
SF:src/modules/system/node.system.ts
FN:9,(anonymous_10)
FN:10,NodeSystem
FN:12,(anonymous_12)
FNF:3
FNH:3
FNDA:5,(anonymous_10)
FNDA:3,NodeSystem
FNDA:2,(anonymous_12)
DA:1,5
DA:2,5
DA:4,5
DA:9,5
DA:10,3
DA:12,5
DA:13,2
DA:16,5
LF:8
LH:8
BRDA:13,0,0,2
BRDA:13,0,1,1
BRF:2
BRH:2
end_of_record
TN:
SF:src/modules/system/noop.system.ts
FN:8,(anonymous_4)
FN:9,NoopSystem
FN:11,(anonymous_6)
FNF:3
FNH:3
FNDA:5,(anonymous_4)
FNDA:2,NoopSystem
FNDA:1,(anonymous_6)
DA:1,5
DA:3,5
DA:8,5
DA:9,2
DA:11,5
DA:12,1
DA:15,5
LF:7
LH:7
BRF:0
BRH:0
end_of_record
TN:
SF:src/util/batch-array.ts
FN:6,batchArray
FNF:1
FNH:1
FNDA:4,batchArray
DA:6,6
DA:7,4
DA:8,4
DA:9,4
DA:10,5
DA:12,4
LF:6
LH:6
BRDA:6,0,0,2
BRDA:6,0,1,2
BRF:2
BRH:2
end_of_record
TN:
SF:src/util/container.factory.ts
FN:17,(anonymous_1)
FNF:1
FNH:1
FNDA:9,(anonymous_1)
DA:1,2
DA:2,2
DA:3,2
DA:4,2
DA:5,2
DA:6,2
DA:8,2
DA:9,2
DA:11,2
DA:13,2
DA:17,2
DA:18,9
DA:19,8
DA:21,1
DA:22,1
DA:23,1
DA:24,1
DA:25,1
DA:26,1
DA:27,1
DA:28,1
DA:29,1
DA:31,1
DA:32,1
DA:33,1
DA:35,1
LF:26
LH:26
BRDA:18,0,0,8
BRDA:18,0,1,1
BRF:2
BRH:2
end_of_record
